{"D:\\FreelanceXchain\\FreelanceXchain-api\\src\\services\\employer-profile-service.ts": {"path":"D:\\FreelanceXchain\\FreelanceXchain-api\\src\\services\\employer-profile-service.ts","statementMap":{"0":{"start":{"line":30,"column":0},"end":{"line":30,"column":7}},"1":{"start":{"line":60,"column":0},"end":{"line":60,"column":7}},"2":{"start":{"line":112,"column":0},"end":{"line":112,"column":7}},"3":{"start":{"line":125,"column":0},"end":{"line":125,"column":7}},"4":{"start":{"line":1,"column":0},"end":{"line":1,"column":90}},"5":{"start":{"line":2,"column":0},"end":{"line":2,"column":114}},"6":{"start":{"line":3,"column":0},"end":{"line":3,"column":44}},"7":{"start":{"line":4,"column":0},"end":{"line":4,"column":63}},"8":{"start":{"line":34,"column":26},"end":{"line":34,"column":84}},"9":{"start":{"line":35,"column":2},"end":{"line":40,"column":3}},"10":{"start":{"line":36,"column":4},"end":{"line":39,"column":6}},"11":{"start":{"line":42,"column":82},"end":{"line":50,"column":4}},"12":{"start":{"line":52,"column":24},"end":{"line":52,"column":84}},"13":{"start":{"line":53,"column":2},"end":{"line":53,"column":78}},"14":{"start":{"line":65,"column":26},"end":{"line":65,"column":84}},"15":{"start":{"line":66,"column":2},"end":{"line":71,"column":3}},"16":{"start":{"line":67,"column":4},"end":{"line":70,"column":6}},"17":{"start":{"line":74,"column":20},"end":{"line":74,"column":55}},"18":{"start":{"line":75,"column":2},"end":{"line":83,"column":3}},"19":{"start":{"line":76,"column":4},"end":{"line":82,"column":6}},"20":{"start":{"line":85,"column":18},"end":{"line":85,"column":32}},"21":{"start":{"line":86,"column":2},"end":{"line":91,"column":3}},"22":{"start":{"line":87,"column":4},"end":{"line":90,"column":6}},"23":{"start":{"line":94,"column":29},"end":{"line":96,"column":59}},"24":{"start":{"line":98,"column":82},"end":{"line":106,"column":4}},"25":{"start":{"line":108,"column":24},"end":{"line":108,"column":84}},"26":{"start":{"line":109,"column":2},"end":{"line":109,"column":78}},"27":{"start":{"line":115,"column":24},"end":{"line":115,"column":82}},"28":{"start":{"line":116,"column":2},"end":{"line":121,"column":3}},"29":{"start":{"line":117,"column":4},"end":{"line":120,"column":6}},"30":{"start":{"line":122,"column":2},"end":{"line":122,"column":78}},"31":{"start":{"line":129,"column":26},"end":{"line":129,"column":84}},"32":{"start":{"line":130,"column":2},"end":{"line":135,"column":3}},"33":{"start":{"line":131,"column":4},"end":{"line":134,"column":6}},"34":{"start":{"line":137,"column":50},"end":{"line":137,"column":52}},"35":{"start":{"line":138,"column":2},"end":{"line":138,"column":80}},"36":{"start":{"line":138,"column":39},"end":{"line":138,"column":80}},"37":{"start":{"line":139,"column":2},"end":{"line":139,"column":79}},"38":{"start":{"line":139,"column":39},"end":{"line":139,"column":79}},"39":{"start":{"line":140,"column":2},"end":{"line":140,"column":70}},"40":{"start":{"line":140,"column":36},"end":{"line":140,"column":70}},"41":{"start":{"line":142,"column":24},"end":{"line":142,"column":98}},"42":{"start":{"line":143,"column":2},"end":{"line":148,"column":3}},"43":{"start":{"line":144,"column":4},"end":{"line":147,"column":6}},"44":{"start":{"line":150,"column":2},"end":{"line":150,"column":78}}},"fnMap":{"0":{"name":"createEmployerProfile","decl":{"start":{"line":30,"column":22},"end":{"line":30,"column":43}},"loc":{"start":{"line":32,"column":35},"end":{"line":54,"column":1}}},"1":{"name":"createEmployerProfileFromKyc","decl":{"start":{"line":60,"column":22},"end":{"line":60,"column":50}},"loc":{"start":{"line":62,"column":47},"end":{"line":110,"column":1}}},"2":{"name":"getEmployerProfileByUserId","decl":{"start":{"line":112,"column":22},"end":{"line":112,"column":48}},"loc":{"start":{"line":113,"column":16},"end":{"line":123,"column":1}}},"3":{"name":"updateEmployerProfile","decl":{"start":{"line":125,"column":22},"end":{"line":125,"column":43}},"loc":{"start":{"line":127,"column":35},"end":{"line":151,"column":1}}}},"branchMap":{"0":{"loc":{"start":{"line":35,"column":2},"end":{"line":40,"column":3}},"type":"if","locations":[{"start":{"line":35,"column":2},"end":{"line":40,"column":3}}]},"1":{"loc":{"start":{"line":62,"column":2},"end":{"line":62,"column":47}},"type":"default-arg","locations":[{"start":{"line":62,"column":45},"end":{"line":62,"column":47}}]},"2":{"loc":{"start":{"line":66,"column":2},"end":{"line":71,"column":3}},"type":"if","locations":[{"start":{"line":66,"column":2},"end":{"line":71,"column":3}}]},"3":{"loc":{"start":{"line":75,"column":2},"end":{"line":83,"column":3}},"type":"if","locations":[{"start":{"line":75,"column":2},"end":{"line":83,"column":3}}]},"4":{"loc":{"start":{"line":80,"column":17},"end":{"line":80,"column":103}},"type":"binary-expr","locations":[{"start":{"line":80,"column":17},"end":{"line":80,"column":40}},{"start":{"line":80,"column":44},"end":{"line":80,"column":103}}]},"5":{"loc":{"start":{"line":86,"column":2},"end":{"line":91,"column":3}},"type":"if","locations":[{"start":{"line":86,"column":2},"end":{"line":91,"column":3}}]},"6":{"loc":{"start":{"line":94,"column":29},"end":{"line":96,"column":59}},"type":"cond-expr","locations":[{"start":{"line":95,"column":6},"end":{"line":95,"column":77}},{"start":{"line":96,"column":6},"end":{"line":96,"column":59}}]},"7":{"loc":{"start":{"line":103,"column":18},"end":{"line":103,"column":67}},"type":"binary-expr","locations":[{"start":{"line":103,"column":18},"end":{"line":103,"column":35}},{"start":{"line":103,"column":39},"end":{"line":103,"column":51}},{"start":{"line":103,"column":55},"end":{"line":103,"column":67}}]},"8":{"loc":{"start":{"line":104,"column":17},"end":{"line":104,"column":56}},"type":"binary-expr","locations":[{"start":{"line":104,"column":17},"end":{"line":104,"column":34}},{"start":{"line":104,"column":38},"end":{"line":104,"column":56}}]},"9":{"loc":{"start":{"line":105,"column":14},"end":{"line":105,"column":44}},"type":"binary-expr","locations":[{"start":{"line":105,"column":14},"end":{"line":105,"column":28}},{"start":{"line":105,"column":32},"end":{"line":105,"column":44}}]},"10":{"loc":{"start":{"line":116,"column":2},"end":{"line":121,"column":3}},"type":"if","locations":[{"start":{"line":116,"column":2},"end":{"line":121,"column":3}}]},"11":{"loc":{"start":{"line":130,"column":2},"end":{"line":135,"column":3}},"type":"if","locations":[{"start":{"line":130,"column":2},"end":{"line":135,"column":3}}]},"12":{"loc":{"start":{"line":138,"column":2},"end":{"line":138,"column":80}},"type":"if","locations":[{"start":{"line":138,"column":2},"end":{"line":138,"column":80}}]},"13":{"loc":{"start":{"line":139,"column":2},"end":{"line":139,"column":79}},"type":"if","locations":[{"start":{"line":139,"column":2},"end":{"line":139,"column":79}}]},"14":{"loc":{"start":{"line":140,"column":2},"end":{"line":140,"column":70}},"type":"if","locations":[{"start":{"line":140,"column":2},"end":{"line":140,"column":70}}]},"15":{"loc":{"start":{"line":143,"column":2},"end":{"line":148,"column":3}},"type":"if","locations":[{"start":{"line":143,"column":2},"end":{"line":148,"column":3}}]}},"s":{"0":1,"1":1,"2":1,"3":1,"4":1,"5":1,"6":1,"7":1,"8":0,"9":0,"10":0,"11":0,"12":0,"13":0,"14":1,"15":0,"16":0,"17":0,"18":0,"19":0,"20":0,"21":0,"22":0,"23":0,"24":0,"25":0,"26":0,"27":0,"28":0,"29":0,"30":0,"31":0,"32":0,"33":0,"34":0,"35":0,"36":0,"37":0,"38":0,"39":0,"40":0,"41":0,"42":0,"43":0,"44":0},"f":{"0":0,"1":1,"2":0,"3":0},"b":{"0":[0],"1":[0],"2":[0],"3":[0],"4":[0,0],"5":[0],"6":[0,0],"7":[0,0,0],"8":[0,0],"9":[0,0],"10":[0],"11":[0],"12":[0],"13":[0],"14":[0],"15":[0]}}
,"D:\\FreelanceXchain\\FreelanceXchain-api\\src\\services\\escrow-refund-service.ts": {"path":"D:\\FreelanceXchain\\FreelanceXchain-api\\src\\services\\escrow-refund-service.ts","statementMap":{"0":{"start":{"line":16,"column":0},"end":{"line":16,"column":7}},"1":{"start":{"line":123,"column":0},"end":{"line":123,"column":7}},"2":{"start":{"line":273,"column":0},"end":{"line":273,"column":7}},"3":{"start":{"line":364,"column":0},"end":{"line":364,"column":7}},"4":{"start":{"line":1,"column":0},"end":{"line":1,"column":45}},"5":{"start":{"line":2,"column":0},"end":{"line":2,"column":45}},"6":{"start":{"line":10,"column":0},"end":{"line":10,"column":76}},"7":{"start":{"line":11,"column":0},"end":{"line":11,"column":63}},"8":{"start":{"line":19,"column":2},"end":{"line":117,"column":3}},"9":{"start":{"line":21,"column":27},"end":{"line":23,"column":null}},"10":{"start":{"line":26,"column":4},"end":{"line":31,"column":5}},"11":{"start":{"line":27,"column":6},"end":{"line":30,"column":8}},"12":{"start":{"line":33,"column":21},"end":{"line":33,"column":43}},"13":{"start":{"line":36,"column":4},"end":{"line":41,"column":5}},"14":{"start":{"line":37,"column":6},"end":{"line":40,"column":8}},"15":{"start":{"line":45,"column":6},"end":{"line":46,"column":48}},"16":{"start":{"line":48,"column":4},"end":{"line":53,"column":5}},"17":{"start":{"line":49,"column":6},"end":{"line":52,"column":8}},"18":{"start":{"line":56,"column":34},"end":{"line":58,"column":null}},"19":{"start":{"line":61,"column":4},"end":{"line":66,"column":5}},"20":{"start":{"line":62,"column":6},"end":{"line":65,"column":8}},"21":{"start":{"line":69,"column":22},"end":{"line":69,"column":88}},"22":{"start":{"line":72,"column":25},"end":{"line":76,"column":null}},"23":{"start":{"line":79,"column":4},"end":{"line":81,"column":5}},"24":{"start":{"line":80,"column":6},"end":{"line":80,"column":57}},"25":{"start":{"line":83,"column":19},"end":{"line":83,"column":39}},"26":{"start":{"line":86,"column":25},"end":{"line":88,"column":30}},"27":{"start":{"line":90,"column":31},"end":{"line":99,"column":6}},"28":{"start":{"line":101,"column":4},"end":{"line":103,"column":5}},"29":{"start":{"line":102,"column":6},"end":{"line":102,"column":74}},"30":{"start":{"line":105,"column":4},"end":{"line":105,"column":75}},"31":{"start":{"line":107,"column":4},"end":{"line":107,"column":60}},"32":{"start":{"line":109,"column":4},"end":{"line":109,"column":60}},"33":{"start":{"line":110,"column":4},"end":{"line":116,"column":6}},"34":{"start":{"line":126,"column":2},"end":{"line":267,"column":3}},"35":{"start":{"line":128,"column":25},"end":{"line":133,"column":null}},"36":{"start":{"line":136,"column":4},"end":{"line":141,"column":5}},"37":{"start":{"line":137,"column":6},"end":{"line":140,"column":8}},"38":{"start":{"line":143,"column":19},"end":{"line":143,"column":39}},"39":{"start":{"line":146,"column":25},"end":{"line":148,"column":28}},"40":{"start":{"line":150,"column":4},"end":{"line":155,"column":5}},"41":{"start":{"line":151,"column":6},"end":{"line":154,"column":8}},"42":{"start":{"line":158,"column":4},"end":{"line":163,"column":5}},"43":{"start":{"line":159,"column":6},"end":{"line":162,"column":8}},"44":{"start":{"line":166,"column":25},"end":{"line":171,"column":null}},"45":{"start":{"line":174,"column":4},"end":{"line":176,"column":5}},"46":{"start":{"line":175,"column":6},"end":{"line":175,"column":50}},"47":{"start":{"line":178,"column":20},"end":{"line":178,"column":40}},"48":{"start":{"line":181,"column":4},"end":{"line":225,"column":5}},"49":{"start":{"line":182,"column":6},"end":{"line":217,"column":7}},"50":{"start":{"line":183,"column":36},"end":{"line":183,"column":74}},"51":{"start":{"line":186,"column":33},"end":{"line":188,"column":null}},"52":{"start":{"line":191,"column":34},"end":{"line":193,"column":54}},"53":{"start":{"line":192,"column":43},"end":{"line":192,"column":58}},"54":{"start":{"line":193,"column":30},"end":{"line":193,"column":53}},"55":{"start":{"line":195,"column":8},"end":{"line":211,"column":9}},"56":{"start":{"line":196,"column":10},"end":{"line":210,"column":11}},"57":{"start":{"line":197,"column":12},"end":{"line":197,"column":74}},"58":{"start":{"line":198,"column":12},"end":{"line":203,"column":15}},"59":{"start":{"line":205,"column":12},"end":{"line":209,"column":15}},"60":{"start":{"line":228,"column":4},"end":{"line":231,"column":6}},"61":{"start":{"line":234,"column":4},"end":{"line":237,"column":6}},"62":{"start":{"line":240,"column":31},"end":{"line":249,"column":6}},"63":{"start":{"line":251,"column":4},"end":{"line":253,"column":5}},"64":{"start":{"line":252,"column":6},"end":{"line":252,"column":81}},"65":{"start":{"line":255,"column":4},"end":{"line":255,"column":76}},"66":{"start":{"line":257,"column":4},"end":{"line":257,"column":61}},"67":{"start":{"line":259,"column":4},"end":{"line":259,"column":53}},"68":{"start":{"line":260,"column":4},"end":{"line":266,"column":6}},"69":{"start":{"line":276,"column":2},"end":{"line":358,"column":3}},"70":{"start":{"line":278,"column":25},"end":{"line":283,"column":null}},"71":{"start":{"line":286,"column":4},"end":{"line":291,"column":5}},"72":{"start":{"line":287,"column":6},"end":{"line":290,"column":8}},"73":{"start":{"line":293,"column":19},"end":{"line":293,"column":39}},"74":{"start":{"line":296,"column":25},"end":{"line":298,"column":28}},"75":{"start":{"line":300,"column":4},"end":{"line":305,"column":5}},"76":{"start":{"line":301,"column":6},"end":{"line":304,"column":8}},"77":{"start":{"line":308,"column":4},"end":{"line":313,"column":5}},"78":{"start":{"line":309,"column":6},"end":{"line":312,"column":8}},"79":{"start":{"line":316,"column":25},"end":{"line":321,"column":null}},"80":{"start":{"line":324,"column":4},"end":{"line":326,"column":5}},"81":{"start":{"line":325,"column":6},"end":{"line":325,"column":49}},"82":{"start":{"line":328,"column":20},"end":{"line":328,"column":40}},"83":{"start":{"line":331,"column":31},"end":{"line":340,"column":6}},"84":{"start":{"line":342,"column":4},"end":{"line":344,"column":5}},"85":{"start":{"line":343,"column":6},"end":{"line":343,"column":81}},"86":{"start":{"line":346,"column":4},"end":{"line":346,"column":76}},"87":{"start":{"line":348,"column":4},"end":{"line":348,"column":61}},"88":{"start":{"line":350,"column":4},"end":{"line":350,"column":52}},"89":{"start":{"line":351,"column":4},"end":{"line":357,"column":6}},"90":{"start":{"line":368,"column":2},"end":{"line":411,"column":3}},"91":{"start":{"line":370,"column":27},"end":{"line":372,"column":null}},"92":{"start":{"line":375,"column":4},"end":{"line":380,"column":5}},"93":{"start":{"line":376,"column":6},"end":{"line":379,"column":8}},"94":{"start":{"line":382,"column":21},"end":{"line":382,"column":43}},"95":{"start":{"line":385,"column":6},"end":{"line":386,"column":37}},"96":{"start":{"line":388,"column":4},"end":{"line":393,"column":5}},"97":{"start":{"line":389,"column":6},"end":{"line":392,"column":8}},"98":{"start":{"line":396,"column":26},"end":{"line":398,"column":null}},"99":{"start":{"line":401,"column":4},"end":{"line":401,"column":74}},"100":{"start":{"line":403,"column":4},"end":{"line":403,"column":59}},"101":{"start":{"line":404,"column":4},"end":{"line":410,"column":6}}},"fnMap":{"0":{"name":"createRefundRequest","decl":{"start":{"line":16,"column":22},"end":{"line":16,"column":41}},"loc":{"start":{"line":17,"column":33},"end":{"line":118,"column":1}}},"1":{"name":"approveRefund","decl":{"start":{"line":123,"column":22},"end":{"line":123,"column":35}},"loc":{"start":{"line":124,"column":27},"end":{"line":268,"column":1}}},"2":{"name":"(anonymous_11)","decl":{"start":{"line":183,"column":36},"end":{"line":183,"column":49}},"loc":{"start":{"line":183,"column":36},"end":{"line":183,"column":74}}},"3":{"name":"(anonymous_12)","decl":{"start":{"line":192,"column":15},"end":{"line":192,"column":16}},"loc":{"start":{"line":192,"column":43},"end":{"line":192,"column":58}}},"4":{"name":"(anonymous_13)","decl":{"start":{"line":193,"column":18},"end":{"line":193,"column":19}},"loc":{"start":{"line":193,"column":30},"end":{"line":193,"column":53}}},"5":{"name":"rejectRefund","decl":{"start":{"line":273,"column":22},"end":{"line":273,"column":34}},"loc":{"start":{"line":274,"column":26},"end":{"line":359,"column":1}}},"6":{"name":"getContractRefunds","decl":{"start":{"line":364,"column":22},"end":{"line":364,"column":40}},"loc":{"start":{"line":366,"column":16},"end":{"line":412,"column":1}}}},"branchMap":{"0":{"loc":{"start":{"line":26,"column":4},"end":{"line":31,"column":5}},"type":"if","locations":[{"start":{"line":26,"column":4},"end":{"line":31,"column":5}}]},"1":{"loc":{"start":{"line":36,"column":4},"end":{"line":41,"column":5}},"type":"if","locations":[{"start":{"line":36,"column":4},"end":{"line":41,"column":5}}]},"2":{"loc":{"start":{"line":45,"column":6},"end":{"line":46,"column":48}},"type":"binary-expr","locations":[{"start":{"line":45,"column":6},"end":{"line":45,"column":50}},{"start":{"line":46,"column":6},"end":{"line":46,"column":48}}]},"3":{"loc":{"start":{"line":48,"column":4},"end":{"line":53,"column":5}},"type":"if","locations":[{"start":{"line":48,"column":4},"end":{"line":53,"column":5}}]},"4":{"loc":{"start":{"line":61,"column":4},"end":{"line":66,"column":5}},"type":"if","locations":[{"start":{"line":61,"column":4},"end":{"line":66,"column":5}}]},"5":{"loc":{"start":{"line":69,"column":22},"end":{"line":69,"column":88}},"type":"binary-expr","locations":[{"start":{"line":69,"column":22},"end":{"line":69,"column":48}},{"start":{"line":69,"column":52},"end":{"line":69,"column":88}}]},"6":{"loc":{"start":{"line":76,"column":44},"end":{"line":76,"column":81}},"type":"binary-expr","locations":[{"start":{"line":76,"column":44},"end":{"line":76,"column":56}},{"start":{"line":76,"column":60},"end":{"line":76,"column":81}}]},"7":{"loc":{"start":{"line":79,"column":4},"end":{"line":81,"column":5}},"type":"if","locations":[{"start":{"line":79,"column":4},"end":{"line":81,"column":5}}]},"8":{"loc":{"start":{"line":86,"column":25},"end":{"line":88,"column":30}},"type":"cond-expr","locations":[{"start":{"line":87,"column":8},"end":{"line":87,"column":28}},{"start":{"line":88,"column":8},"end":{"line":88,"column":30}}]},"9":{"loc":{"start":{"line":101,"column":4},"end":{"line":103,"column":5}},"type":"if","locations":[{"start":{"line":101,"column":4},"end":{"line":103,"column":5}}]},"10":{"loc":{"start":{"line":114,"column":17},"end":{"line":114,"column":91}},"type":"cond-expr","locations":[{"start":{"line":114,"column":42},"end":{"line":114,"column":55}},{"start":{"line":114,"column":58},"end":{"line":114,"column":91}}]},"11":{"loc":{"start":{"line":136,"column":4},"end":{"line":141,"column":5}},"type":"if","locations":[{"start":{"line":136,"column":4},"end":{"line":141,"column":5}}]},"12":{"loc":{"start":{"line":146,"column":25},"end":{"line":148,"column":28}},"type":"cond-expr","locations":[{"start":{"line":147,"column":8},"end":{"line":147,"column":26}},{"start":{"line":148,"column":8},"end":{"line":148,"column":28}}]},"13":{"loc":{"start":{"line":150,"column":4},"end":{"line":155,"column":5}},"type":"if","locations":[{"start":{"line":150,"column":4},"end":{"line":155,"column":5}}]},"14":{"loc":{"start":{"line":158,"column":4},"end":{"line":163,"column":5}},"type":"if","locations":[{"start":{"line":158,"column":4},"end":{"line":163,"column":5}}]},"15":{"loc":{"start":{"line":174,"column":4},"end":{"line":176,"column":5}},"type":"if","locations":[{"start":{"line":174,"column":4},"end":{"line":176,"column":5}}]},"16":{"loc":{"start":{"line":182,"column":6},"end":{"line":217,"column":7}},"type":"if","locations":[{"start":{"line":182,"column":6},"end":{"line":217,"column":7}},{"start":{"line":212,"column":13},"end":{"line":217,"column":7}}]},"17":{"loc":{"start":{"line":251,"column":4},"end":{"line":253,"column":5}},"type":"if","locations":[{"start":{"line":251,"column":4},"end":{"line":253,"column":5}}]},"18":{"loc":{"start":{"line":264,"column":17},"end":{"line":264,"column":84}},"type":"cond-expr","locations":[{"start":{"line":264,"column":42},"end":{"line":264,"column":55}},{"start":{"line":264,"column":58},"end":{"line":264,"column":84}}]},"19":{"loc":{"start":{"line":286,"column":4},"end":{"line":291,"column":5}},"type":"if","locations":[{"start":{"line":286,"column":4},"end":{"line":291,"column":5}}]},"20":{"loc":{"start":{"line":296,"column":25},"end":{"line":298,"column":28}},"type":"cond-expr","locations":[{"start":{"line":297,"column":8},"end":{"line":297,"column":26}},{"start":{"line":298,"column":8},"end":{"line":298,"column":28}}]},"21":{"loc":{"start":{"line":300,"column":4},"end":{"line":305,"column":5}},"type":"if","locations":[{"start":{"line":300,"column":4},"end":{"line":305,"column":5}}]},"22":{"loc":{"start":{"line":308,"column":4},"end":{"line":313,"column":5}},"type":"if","locations":[{"start":{"line":308,"column":4},"end":{"line":313,"column":5}}]},"23":{"loc":{"start":{"line":324,"column":4},"end":{"line":326,"column":5}},"type":"if","locations":[{"start":{"line":324,"column":4},"end":{"line":326,"column":5}}]},"24":{"loc":{"start":{"line":342,"column":4},"end":{"line":344,"column":5}},"type":"if","locations":[{"start":{"line":342,"column":4},"end":{"line":344,"column":5}}]},"25":{"loc":{"start":{"line":355,"column":17},"end":{"line":355,"column":83}},"type":"cond-expr","locations":[{"start":{"line":355,"column":42},"end":{"line":355,"column":55}},{"start":{"line":355,"column":58},"end":{"line":355,"column":83}}]},"26":{"loc":{"start":{"line":375,"column":4},"end":{"line":380,"column":5}},"type":"if","locations":[{"start":{"line":375,"column":4},"end":{"line":380,"column":5}}]},"27":{"loc":{"start":{"line":385,"column":6},"end":{"line":386,"column":37}},"type":"binary-expr","locations":[{"start":{"line":385,"column":6},"end":{"line":385,"column":39}},{"start":{"line":386,"column":6},"end":{"line":386,"column":37}}]},"28":{"loc":{"start":{"line":388,"column":4},"end":{"line":393,"column":5}},"type":"if","locations":[{"start":{"line":388,"column":4},"end":{"line":393,"column":5}}]},"29":{"loc":{"start":{"line":408,"column":17},"end":{"line":408,"column":81}},"type":"cond-expr","locations":[{"start":{"line":408,"column":42},"end":{"line":408,"column":55}},{"start":{"line":408,"column":58},"end":{"line":408,"column":81}}]}},"s":{"0":1,"1":1,"2":1,"3":1,"4":1,"5":1,"6":1,"7":1,"8":0,"9":0,"10":0,"11":0,"12":0,"13":0,"14":0,"15":0,"16":0,"17":0,"18":0,"19":0,"20":0,"21":0,"22":0,"23":0,"24":0,"25":0,"26":0,"27":0,"28":0,"29":0,"30":0,"31":0,"32":0,"33":0,"34":1,"35":1,"36":0,"37":0,"38":0,"39":0,"40":0,"41":0,"42":0,"43":0,"44":0,"45":0,"46":0,"47":0,"48":0,"49":0,"50":0,"51":0,"52":0,"53":0,"54":0,"55":0,"56":0,"57":0,"58":0,"59":0,"60":0,"61":0,"62":0,"63":0,"64":0,"65":0,"66":0,"67":1,"68":1,"69":0,"70":0,"71":0,"72":0,"73":0,"74":0,"75":0,"76":0,"77":0,"78":0,"79":0,"80":0,"81":0,"82":0,"83":0,"84":0,"85":0,"86":0,"87":0,"88":0,"89":0,"90":0,"91":0,"92":0,"93":0,"94":0,"95":0,"96":0,"97":0,"98":0,"99":0,"100":0,"101":0},"f":{"0":0,"1":1,"2":0,"3":0,"4":0,"5":0,"6":0},"b":{"0":[0],"1":[0],"2":[0,0],"3":[0],"4":[0],"5":[0,0],"6":[0,0],"7":[0],"8":[0,0],"9":[0],"10":[0,0],"11":[0],"12":[0,0],"13":[0],"14":[0],"15":[0],"16":[0,0],"17":[0],"18":[0,1],"19":[0],"20":[0,0],"21":[0],"22":[0],"23":[0],"24":[0],"25":[0,0],"26":[0],"27":[0,0],"28":[0],"29":[0,0]}}
,"D:\\FreelanceXchain\\FreelanceXchain-api\\src\\services\\favorite-service.ts": {"path":"D:\\FreelanceXchain\\FreelanceXchain-api\\src\\services\\favorite-service.ts","statementMap":{"0":{"start":{"line":9,"column":0},"end":{"line":9,"column":7}},"1":{"start":{"line":75,"column":0},"end":{"line":75,"column":7}},"2":{"start":{"line":105,"column":0},"end":{"line":105,"column":7}},"3":{"start":{"line":175,"column":0},"end":{"line":175,"column":7}},"4":{"start":{"line":1,"column":0},"end":{"line":1,"column":45}},"5":{"start":{"line":2,"column":0},"end":{"line":2,"column":45}},"6":{"start":{"line":14,"column":2},"end":{"line":69,"column":3}},"7":{"start":{"line":16,"column":27},"end":{"line":18,"column":null}},"8":{"start":{"line":21,"column":4},"end":{"line":29,"column":5}},"9":{"start":{"line":22,"column":6},"end":{"line":28,"column":8}},"10":{"start":{"line":32,"column":24},"end":{"line":32,"column":71}},"11":{"start":{"line":33,"column":25},"end":{"line":35,"column":null}},"12":{"start":{"line":38,"column":4},"end":{"line":46,"column":5}},"13":{"start":{"line":39,"column":6},"end":{"line":45,"column":8}},"14":{"start":{"line":49,"column":25},"end":{"line":53,"column":null}},"15":{"start":{"line":56,"column":4},"end":{"line":59,"column":6}},"16":{"start":{"line":61,"column":4},"end":{"line":61,"column":93}},"17":{"start":{"line":62,"column":4},"end":{"line":68,"column":6}},"18":{"start":{"line":80,"column":2},"end":{"line":99,"column":3}},"19":{"start":{"line":81,"column":4},"end":{"line":84,"column":6}},"20":{"start":{"line":86,"column":4},"end":{"line":89,"column":6}},"21":{"start":{"line":91,"column":4},"end":{"line":91,"column":96}},"22":{"start":{"line":92,"column":4},"end":{"line":98,"column":6}},"23":{"start":{"line":109,"column":2},"end":{"line":169,"column":3}},"24":{"start":{"line":110,"column":16},"end":{"line":110,"column":60}},"25":{"start":{"line":111,"column":26},"end":{"line":111,"column":34}},"26":{"start":{"line":113,"column":4},"end":{"line":116,"column":5}},"27":{"start":{"line":114,"column":6},"end":{"line":114,"column":39}},"28":{"start":{"line":115,"column":6},"end":{"line":115,"column":30}},"29":{"start":{"line":118,"column":4},"end":{"line":118,"column":41}},"30":{"start":{"line":120,"column":19},"end":{"line":120,"column":50}},"31":{"start":{"line":121,"column":22},"end":{"line":121,"column":53}},"32":{"start":{"line":124,"column":23},"end":{"line":124,"column":95}},"33":{"start":{"line":124,"column":45},"end":{"line":124,"column":72}},"34":{"start":{"line":124,"column":83},"end":{"line":124,"column":94}},"35":{"start":{"line":125,"column":20},"end":{"line":125,"column":92}},"36":{"start":{"line":125,"column":42},"end":{"line":125,"column":69}},"37":{"start":{"line":125,"column":80},"end":{"line":125,"column":91}},"38":{"start":{"line":127,"column":34},"end":{"line":142,"column":6}},"39":{"start":{"line":130,"column":22},"end":{"line":130,"column":44}},"40":{"start":{"line":131,"column":12},"end":{"line":131,"column":62}},"41":{"start":{"line":131,"column":41},"end":{"line":131,"column":62}},"42":{"start":{"line":132,"column":12},"end":{"line":132,"column":21}},"43":{"start":{"line":137,"column":22},"end":{"line":137,"column":44}},"44":{"start":{"line":138,"column":12},"end":{"line":138,"column":62}},"45":{"start":{"line":138,"column":41},"end":{"line":138,"column":62}},"46":{"start":{"line":139,"column":12},"end":{"line":139,"column":21}},"47":{"start":{"line":144,"column":62},"end":{"line":154,"column":6}},"48":{"start":{"line":145,"column":24},"end":{"line":145,"column":76}},"49":{"start":{"line":146,"column":6},"end":{"line":153,"column":8}},"50":{"start":{"line":156,"column":4},"end":{"line":159,"column":6}},"51":{"start":{"line":161,"column":4},"end":{"line":161,"column":88}},"52":{"start":{"line":162,"column":4},"end":{"line":168,"column":6}},"53":{"start":{"line":180,"column":2},"end":{"line":199,"column":3}},"54":{"start":{"line":181,"column":19},"end":{"line":183,"column":null}},"55":{"start":{"line":186,"column":4},"end":{"line":189,"column":6}},"56":{"start":{"line":191,"column":4},"end":{"line":191,"column":93}},"57":{"start":{"line":192,"column":4},"end":{"line":198,"column":6}}},"fnMap":{"0":{"name":"addFavorite","decl":{"start":{"line":9,"column":22},"end":{"line":9,"column":33}},"loc":{"start":{"line":12,"column":18},"end":{"line":70,"column":1}}},"1":{"name":"removeFavorite","decl":{"start":{"line":75,"column":22},"end":{"line":75,"column":36}},"loc":{"start":{"line":78,"column":18},"end":{"line":100,"column":1}}},"2":{"name":"getUserFavorites","decl":{"start":{"line":105,"column":22},"end":{"line":105,"column":38}},"loc":{"start":{"line":107,"column":39},"end":{"line":170,"column":1}}},"3":{"name":"(anonymous_3)","decl":{"start":{"line":124,"column":40},"end":{"line":124,"column":41}},"loc":{"start":{"line":124,"column":45},"end":{"line":124,"column":72}}},"4":{"name":"(anonymous_4)","decl":{"start":{"line":124,"column":78},"end":{"line":124,"column":79}},"loc":{"start":{"line":124,"column":83},"end":{"line":124,"column":94}}},"5":{"name":"(anonymous_5)","decl":{"start":{"line":125,"column":37},"end":{"line":125,"column":38}},"loc":{"start":{"line":125,"column":42},"end":{"line":125,"column":69}}},"6":{"name":"(anonymous_6)","decl":{"start":{"line":125,"column":75},"end":{"line":125,"column":76}},"loc":{"start":{"line":125,"column":80},"end":{"line":125,"column":91}}},"7":{"name":"(anonymous_7)","decl":{"start":{"line":129,"column":85},"end":{"line":129,"column":88}},"loc":{"start":{"line":129,"column":91},"end":{"line":133,"column":11}}},"8":{"name":"(anonymous_8)","decl":{"start":{"line":136,"column":79},"end":{"line":136,"column":82}},"loc":{"start":{"line":136,"column":85},"end":{"line":140,"column":11}}},"9":{"name":"(anonymous_9)","decl":{"start":{"line":144,"column":76},"end":{"line":144,"column":77}},"loc":{"start":{"line":144,"column":84},"end":{"line":154,"column":5}}},"10":{"name":"isFavorited","decl":{"start":{"line":175,"column":22},"end":{"line":175,"column":33}},"loc":{"start":{"line":178,"column":18},"end":{"line":200,"column":1}}}},"branchMap":{"0":{"loc":{"start":{"line":21,"column":4},"end":{"line":29,"column":5}},"type":"if","locations":[{"start":{"line":21,"column":4},"end":{"line":29,"column":5}}]},"1":{"loc":{"start":{"line":32,"column":24},"end":{"line":32,"column":71}},"type":"cond-expr","locations":[{"start":{"line":32,"column":51},"end":{"line":32,"column":61}},{"start":{"line":32,"column":64},"end":{"line":32,"column":71}}]},"2":{"loc":{"start":{"line":38,"column":4},"end":{"line":46,"column":5}},"type":"if","locations":[{"start":{"line":38,"column":4},"end":{"line":46,"column":5}}]},"3":{"loc":{"start":{"line":113,"column":4},"end":{"line":116,"column":5}},"type":"if","locations":[{"start":{"line":113,"column":4},"end":{"line":116,"column":5}}]},"4":{"loc":{"start":{"line":128,"column":6},"end":{"line":134,"column":49}},"type":"cond-expr","locations":[{"start":{"line":129,"column":10},"end":{"line":133,"column":12}},{"start":{"line":134,"column":10},"end":{"line":134,"column":49}}]},"5":{"loc":{"start":{"line":135,"column":6},"end":{"line":141,"column":49}},"type":"cond-expr","locations":[{"start":{"line":136,"column":10},"end":{"line":140,"column":12}},{"start":{"line":141,"column":10},"end":{"line":141,"column":49}}]},"6":{"loc":{"start":{"line":145,"column":24},"end":{"line":145,"column":76}},"type":"cond-expr","locations":[{"start":{"line":145,"column":56},"end":{"line":145,"column":66}},{"start":{"line":145,"column":69},"end":{"line":145,"column":76}}]},"7":{"loc":{"start":{"line":152,"column":16},"end":{"line":152,"column":52}},"type":"binary-expr","locations":[{"start":{"line":152,"column":16},"end":{"line":152,"column":44}},{"start":{"line":152,"column":48},"end":{"line":152,"column":52}}]}},"s":{"0":1,"1":1,"2":1,"3":1,"4":1,"5":1,"6":0,"7":0,"8":0,"9":0,"10":0,"11":0,"12":0,"13":0,"14":0,"15":0,"16":0,"17":0,"18":0,"19":0,"20":0,"21":0,"22":0,"23":1,"24":1,"25":1,"26":1,"27":0,"28":0,"29":1,"30":1,"31":0,"32":0,"33":0,"34":0,"35":0,"36":0,"37":0,"38":0,"39":0,"40":0,"41":0,"42":0,"43":0,"44":0,"45":0,"46":0,"47":0,"48":0,"49":0,"50":0,"51":1,"52":1,"53":0,"54":0,"55":0,"56":0,"57":0},"f":{"0":0,"1":0,"2":1,"3":0,"4":0,"5":0,"6":0,"7":0,"8":0,"9":0,"10":0},"b":{"0":[0],"1":[0,0],"2":[0],"3":[0],"4":[0,0],"5":[0,0],"6":[0,0],"7":[0,0]}}
,"D:\\FreelanceXchain\\FreelanceXchain-api\\src\\services\\file-service.ts": {"path":"D:\\FreelanceXchain\\FreelanceXchain-api\\src\\services\\file-service.ts","statementMap":{"0":{"start":{"line":30,"column":0},"end":{"line":30,"column":7}},"1":{"start":{"line":84,"column":0},"end":{"line":84,"column":7}},"2":{"start":{"line":135,"column":0},"end":{"line":135,"column":7}},"3":{"start":{"line":2,"column":0},"end":{"line":2,"column":45}},"4":{"start":{"line":4,"column":0},"end":{"line":4,"column":57}},"5":{"start":{"line":5,"column":0},"end":{"line":5,"column":42}},"6":{"start":{"line":25,"column":28},"end":{"line":25,"column":45}},"7":{"start":{"line":34,"column":2},"end":{"line":78,"column":3}},"8":{"start":{"line":35,"column":20},"end":{"line":35,"column":96}},"9":{"start":{"line":36,"column":33},"end":{"line":36,"column":35}},"10":{"start":{"line":38,"column":4},"end":{"line":63,"column":5}},"11":{"start":{"line":39,"column":6},"end":{"line":62,"column":7}},"12":{"start":{"line":41,"column":23},"end":{"line":41,"column":58}},"13":{"start":{"line":43,"column":8},"end":{"line":58,"column":9}},"14":{"start":{"line":45,"column":24},"end":{"line":55,"column":15}},"15":{"start":{"line":46,"column":28},"end":{"line":46,"column":54}},"16":{"start":{"line":47,"column":26},"end":{"line":55,"column":14}},"17":{"start":{"line":57,"column":10},"end":{"line":57,"column":34}},"18":{"start":{"line":60,"column":8},"end":{"line":60,"column":84}},"19":{"start":{"line":61,"column":8},"end":{"line":61,"column":17}},"20":{"start":{"line":65,"column":4},"end":{"line":68,"column":6}},"21":{"start":{"line":70,"column":4},"end":{"line":70,"column":80}},"22":{"start":{"line":71,"column":4},"end":{"line":77,"column":6}},"23":{"start":{"line":89,"column":2},"end":{"line":129,"column":3}},"24":{"start":{"line":91,"column":4},"end":{"line":112,"column":5}},"25":{"start":{"line":92,"column":19},"end":{"line":92,"column":54}},"26":{"start":{"line":94,"column":6},"end":{"line":102,"column":7}},"27":{"start":{"line":95,"column":8},"end":{"line":101,"column":10}},"28":{"start":{"line":104,"column":6},"end":{"line":104,"column":79}},"29":{"start":{"line":105,"column":6},"end":{"line":111,"column":8}},"30":{"start":{"line":114,"column":4},"end":{"line":114,"column":43}},"31":{"start":{"line":116,"column":4},"end":{"line":119,"column":6}},"32":{"start":{"line":121,"column":4},"end":{"line":121,"column":84}},"33":{"start":{"line":122,"column":4},"end":{"line":128,"column":6}},"34":{"start":{"line":136,"column":2},"end":{"line":169,"column":3}},"35":{"start":{"line":137,"column":24},"end":{"line":137,"column":50}},"36":{"start":{"line":139,"column":4},"end":{"line":144,"column":5}},"37":{"start":{"line":140,"column":6},"end":{"line":143,"column":8}},"38":{"start":{"line":145,"column":18},"end":{"line":145,"column":40}},"39":{"start":{"line":146,"column":22},"end":{"line":146,"column":69}},"40":{"start":{"line":146,"column":50},"end":{"line":146,"column":65}},"41":{"start":{"line":147,"column":23},"end":{"line":147,"column":62}},"42":{"start":{"line":149,"column":4},"end":{"line":157,"column":6}}},"fnMap":{"0":{"name":"getUserFiles","decl":{"start":{"line":30,"column":22},"end":{"line":30,"column":34}},"loc":{"start":{"line":32,"column":17},"end":{"line":79,"column":1}}},"1":{"name":"(anonymous_1)","decl":{"start":{"line":46,"column":20},"end":{"line":46,"column":24}},"loc":{"start":{"line":46,"column":28},"end":{"line":46,"column":54}}},"2":{"name":"(anonymous_2)","decl":{"start":{"line":47,"column":17},"end":{"line":47,"column":21}},"loc":{"start":{"line":47,"column":26},"end":{"line":55,"column":14}}},"3":{"name":"deleteFile","decl":{"start":{"line":84,"column":22},"end":{"line":84,"column":32}},"loc":{"start":{"line":87,"column":14},"end":{"line":130,"column":1}}},"4":{"name":"getFileQuota","decl":{"start":{"line":135,"column":22},"end":{"line":135,"column":34}},"loc":{"start":{"line":135,"column":49},"end":{"line":170,"column":1}}},"5":{"name":"(anonymous_5)","decl":{"start":{"line":146,"column":35},"end":{"line":146,"column":36}},"loc":{"start":{"line":146,"column":50},"end":{"line":146,"column":65}}}},"branchMap":{"0":{"loc":{"start":{"line":35,"column":20},"end":{"line":35,"column":96}},"type":"cond-expr","locations":[{"start":{"line":35,"column":29},"end":{"line":35,"column":37}},{"start":{"line":35,"column":40},"end":{"line":35,"column":96}}]},"1":{"loc":{"start":{"line":43,"column":8},"end":{"line":58,"column":9}},"type":"if","locations":[{"start":{"line":43,"column":8},"end":{"line":58,"column":9}}]},"2":{"loc":{"start":{"line":51,"column":20},"end":{"line":51,"column":42}},"type":"binary-expr","locations":[{"start":{"line":51,"column":20},"end":{"line":51,"column":37}},{"start":{"line":51,"column":41},"end":{"line":51,"column":42}}]},"3":{"loc":{"start":{"line":52,"column":25},"end":{"line":52,"column":46}},"type":"binary-expr","locations":[{"start":{"line":52,"column":25},"end":{"line":52,"column":40}},{"start":{"line":52,"column":44},"end":{"line":52,"column":46}}]},"4":{"loc":{"start":{"line":53,"column":25},"end":{"line":53,"column":46}},"type":"binary-expr","locations":[{"start":{"line":53,"column":25},"end":{"line":53,"column":40}},{"start":{"line":53,"column":44},"end":{"line":53,"column":46}}]},"5":{"loc":{"start":{"line":94,"column":6},"end":{"line":102,"column":7}},"type":"if","locations":[{"start":{"line":94,"column":6},"end":{"line":102,"column":7}}]},"6":{"loc":{"start":{"line":139,"column":4},"end":{"line":144,"column":5}},"type":"if","locations":[{"start":{"line":139,"column":4},"end":{"line":144,"column":5}}]},"7":{"loc":{"start":{"line":145,"column":18},"end":{"line":145,"column":40}},"type":"binary-expr","locations":[{"start":{"line":145,"column":18},"end":{"line":145,"column":34}},{"start":{"line":145,"column":38},"end":{"line":145,"column":40}}]}},"s":{"0":1,"1":1,"2":1,"3":1,"4":1,"5":1,"6":1,"7":2,"8":2,"9":2,"10":2,"11":3,"12":3,"13":0,"14":0,"15":0,"16":0,"17":0,"18":3,"19":3,"20":2,"21":0,"22":0,"23":0,"24":0,"25":0,"26":0,"27":0,"28":0,"29":0,"30":0,"31":0,"32":0,"33":0,"34":1,"35":1,"36":1,"37":0,"38":1,"39":1,"40":0,"41":1,"42":1},"f":{"0":2,"1":0,"2":0,"3":0,"4":1,"5":0},"b":{"0":[1,1],"1":[0],"2":[0,0],"3":[0,0],"4":[0,0],"5":[0],"6":[0],"7":[1,0]}}
,"D:\\FreelanceXchain\\FreelanceXchain-api\\src\\services\\freelancer-profile-service.ts": {"path":"D:\\FreelanceXchain\\FreelanceXchain-api\\src\\services\\freelancer-profile-service.ts","statementMap":{"0":{"start":{"line":70,"column":0},"end":{"line":70,"column":7}},"1":{"start":{"line":102,"column":0},"end":{"line":102,"column":7}},"2":{"start":{"line":156,"column":0},"end":{"line":156,"column":7}},"3":{"start":{"line":167,"column":0},"end":{"line":167,"column":7}},"4":{"start":{"line":198,"column":0},"end":{"line":198,"column":7}},"5":{"start":{"line":261,"column":0},"end":{"line":261,"column":7}},"6":{"start":{"line":296,"column":0},"end":{"line":296,"column":7}},"7":{"start":{"line":340,"column":0},"end":{"line":340,"column":7}},"8":{"start":{"line":405,"column":0},"end":{"line":405,"column":7}},"9":{"start":{"line":1,"column":0},"end":{"line":1,"column":94}},"10":{"start":{"line":2,"column":0},"end":{"line":2,"column":120}},"11":{"start":{"line":3,"column":0},"end":{"line":3,"column":44}},"12":{"start":{"line":4,"column":0},"end":{"line":4,"column":63}},"13":{"start":{"line":43,"column":15},"end":{"line":43,"column":32}},"14":{"start":{"line":44,"column":2},"end":{"line":44,"column":32}},"15":{"start":{"line":48,"column":2},"end":{"line":50,"column":3}},"16":{"start":{"line":49,"column":4},"end":{"line":49,"column":66}},"17":{"start":{"line":52,"column":2},"end":{"line":63,"column":3}},"18":{"start":{"line":53,"column":4},"end":{"line":55,"column":5}},"19":{"start":{"line":54,"column":6},"end":{"line":54,"column":66}},"20":{"start":{"line":57,"column":18},"end":{"line":57,"column":37}},"21":{"start":{"line":58,"column":16},"end":{"line":58,"column":33}},"22":{"start":{"line":60,"column":4},"end":{"line":62,"column":5}},"23":{"start":{"line":61,"column":6},"end":{"line":61,"column":89}},"24":{"start":{"line":65,"column":2},"end":{"line":65,"column":25}},"25":{"start":{"line":74,"column":26},"end":{"line":74,"column":86}},"26":{"start":{"line":75,"column":2},"end":{"line":80,"column":3}},"27":{"start":{"line":76,"column":4},"end":{"line":79,"column":6}},"28":{"start":{"line":82,"column":84},"end":{"line":92,"column":4}},"29":{"start":{"line":94,"column":24},"end":{"line":94,"column":86}},"30":{"start":{"line":95,"column":2},"end":{"line":95,"column":80}},"31":{"start":{"line":107,"column":26},"end":{"line":107,"column":86}},"32":{"start":{"line":108,"column":2},"end":{"line":113,"column":3}},"33":{"start":{"line":109,"column":4},"end":{"line":112,"column":6}},"34":{"start":{"line":116,"column":20},"end":{"line":116,"column":55}},"35":{"start":{"line":117,"column":2},"end":{"line":125,"column":3}},"36":{"start":{"line":118,"column":4},"end":{"line":124,"column":6}},"37":{"start":{"line":127,"column":18},"end":{"line":127,"column":32}},"38":{"start":{"line":128,"column":2},"end":{"line":133,"column":3}},"39":{"start":{"line":129,"column":4},"end":{"line":132,"column":6}},"40":{"start":{"line":136,"column":21},"end":{"line":138,"column":59}},"41":{"start":{"line":140,"column":84},"end":{"line":150,"column":4}},"42":{"start":{"line":152,"column":24},"end":{"line":152,"column":86}},"43":{"start":{"line":153,"column":2},"end":{"line":153,"column":80}},"44":{"start":{"line":157,"column":24},"end":{"line":157,"column":84}},"45":{"start":{"line":158,"column":2},"end":{"line":163,"column":3}},"46":{"start":{"line":159,"column":4},"end":{"line":162,"column":6}},"47":{"start":{"line":164,"column":2},"end":{"line":164,"column":80}},"48":{"start":{"line":171,"column":26},"end":{"line":171,"column":86}},"49":{"start":{"line":172,"column":2},"end":{"line":177,"column":3}},"50":{"start":{"line":173,"column":4},"end":{"line":176,"column":6}},"51":{"start":{"line":179,"column":52},"end":{"line":179,"column":54}},"52":{"start":{"line":180,"column":2},"end":{"line":180,"column":55}},"53":{"start":{"line":180,"column":31},"end":{"line":180,"column":55}},"54":{"start":{"line":181,"column":2},"end":{"line":181,"column":77}},"55":{"start":{"line":181,"column":38},"end":{"line":181,"column":77}},"56":{"start":{"line":182,"column":2},"end":{"line":182,"column":82}},"57":{"start":{"line":182,"column":40},"end":{"line":182,"column":82}},"58":{"start":{"line":184,"column":24},"end":{"line":184,"column":100}},"59":{"start":{"line":185,"column":2},"end":{"line":190,"column":3}},"60":{"start":{"line":186,"column":4},"end":{"line":189,"column":6}},"61":{"start":{"line":192,"column":2},"end":{"line":192,"column":80}},"62":{"start":{"line":202,"column":26},"end":{"line":202,"column":86}},"63":{"start":{"line":203,"column":2},"end":{"line":208,"column":3}},"64":{"start":{"line":204,"column":4},"end":{"line":207,"column":6}},"65":{"start":{"line":210,"column":55},"end":{"line":210,"column":57}},"66":{"start":{"line":212,"column":2},"end":{"line":244,"column":3}},"67":{"start":{"line":213,"column":24},"end":{"line":213,"column":46}},"68":{"start":{"line":216,"column":31},"end":{"line":217,"column":null}},"69":{"start":{"line":217,"column":11},"end":{"line":217,"column":76}},"70":{"start":{"line":221,"column":26},"end":{"line":222,"column":null}},"71":{"start":{"line":222,"column":11},"end":{"line":222,"column":76}},"72":{"start":{"line":225,"column":4},"end":{"line":243,"column":5}},"73":{"start":{"line":227,"column":6},"end":{"line":230,"column":9}},"74":{"start":{"line":231,"column":11},"end":{"line":243,"column":5}},"75":{"start":{"line":233,"column":28},"end":{"line":233,"column":70}},"76":{"start":{"line":234,"column":6},"end":{"line":236,"column":7}},"77":{"start":{"line":235,"column":8},"end":{"line":235,"column":73}},"78":{"start":{"line":237,"column":11},"end":{"line":243,"column":5}},"79":{"start":{"line":239,"column":23},"end":{"line":239,"column":47}},"80":{"start":{"line":240,"column":6},"end":{"line":242,"column":7}},"81":{"start":{"line":241,"column":8},"end":{"line":241,"column":68}},"82":{"start":{"line":246,"column":24},"end":{"line":246,"column":65}},"83":{"start":{"line":247,"column":24},"end":{"line":249,"column":4}},"84":{"start":{"line":251,"column":2},"end":{"line":256,"column":3}},"85":{"start":{"line":252,"column":4},"end":{"line":255,"column":6}},"86":{"start":{"line":258,"column":2},"end":{"line":258,"column":80}},"87":{"start":{"line":265,"column":26},"end":{"line":265,"column":86}},"88":{"start":{"line":266,"column":2},"end":{"line":271,"column":3}},"89":{"start":{"line":267,"column":4},"end":{"line":270,"column":6}},"90":{"start":{"line":274,"column":24},"end":{"line":274,"column":52}},"91":{"start":{"line":275,"column":24},"end":{"line":276,"column":null}},"92":{"start":{"line":276,"column":9},"end":{"line":276,"column":72}},"93":{"start":{"line":279,"column":24},"end":{"line":281,"column":4}},"94":{"start":{"line":283,"column":2},"end":{"line":288,"column":3}},"95":{"start":{"line":284,"column":4},"end":{"line":287,"column":6}},"96":{"start":{"line":290,"column":2},"end":{"line":290,"column":80}},"97":{"start":{"line":300,"column":26},"end":{"line":300,"column":86}},"98":{"start":{"line":301,"column":2},"end":{"line":306,"column":3}},"99":{"start":{"line":302,"column":4},"end":{"line":305,"column":6}},"100":{"start":{"line":308,"column":25},"end":{"line":308,"column":74}},"101":{"start":{"line":309,"column":2},"end":{"line":314,"column":3}},"102":{"start":{"line":310,"column":4},"end":{"line":313,"column":6}},"103":{"start":{"line":316,"column":69},"end":{"line":323,"column":4}},"104":{"start":{"line":325,"column":28},"end":{"line":325,"column":77}},"105":{"start":{"line":326,"column":24},"end":{"line":328,"column":4}},"106":{"start":{"line":330,"column":2},"end":{"line":335,"column":3}},"107":{"start":{"line":331,"column":4},"end":{"line":334,"column":6}},"108":{"start":{"line":337,"column":2},"end":{"line":337,"column":80}},"109":{"start":{"line":345,"column":26},"end":{"line":345,"column":86}},"110":{"start":{"line":346,"column":2},"end":{"line":351,"column":3}},"111":{"start":{"line":347,"column":4},"end":{"line":350,"column":6}},"112":{"start":{"line":353,"column":26},"end":{"line":353,"column":90}},"113":{"start":{"line":353,"column":68},"end":{"line":353,"column":89}},"114":{"start":{"line":354,"column":2},"end":{"line":359,"column":3}},"115":{"start":{"line":355,"column":4},"end":{"line":358,"column":6}},"116":{"start":{"line":361,"column":28},"end":{"line":361,"column":71}},"117":{"start":{"line":370,"column":23},"end":{"line":370,"column":70}},"118":{"start":{"line":371,"column":21},"end":{"line":371,"column":93}},"119":{"start":{"line":373,"column":25},"end":{"line":373,"column":68}},"120":{"start":{"line":374,"column":2},"end":{"line":379,"column":3}},"121":{"start":{"line":375,"column":4},"end":{"line":378,"column":6}},"122":{"start":{"line":381,"column":28},"end":{"line":381,"column":59}},"123":{"start":{"line":382,"column":2},"end":{"line":389,"column":4}},"124":{"start":{"line":391,"column":24},"end":{"line":393,"column":4}},"125":{"start":{"line":395,"column":2},"end":{"line":400,"column":3}},"126":{"start":{"line":396,"column":4},"end":{"line":399,"column":6}},"127":{"start":{"line":402,"column":2},"end":{"line":402,"column":80}},"128":{"start":{"line":409,"column":26},"end":{"line":409,"column":86}},"129":{"start":{"line":410,"column":2},"end":{"line":415,"column":3}},"130":{"start":{"line":411,"column":4},"end":{"line":414,"column":6}},"131":{"start":{"line":417,"column":28},"end":{"line":417,"column":89}},"132":{"start":{"line":417,"column":67},"end":{"line":417,"column":88}},"133":{"start":{"line":418,"column":24},"end":{"line":420,"column":4}},"134":{"start":{"line":422,"column":2},"end":{"line":427,"column":3}},"135":{"start":{"line":423,"column":4},"end":{"line":426,"column":6}},"136":{"start":{"line":429,"column":2},"end":{"line":429,"column":80}}},"fnMap":{"0":{"name":"isValidDateString","decl":{"start":{"line":42,"column":9},"end":{"line":42,"column":26}},"loc":{"start":{"line":42,"column":42},"end":{"line":45,"column":1}}},"1":{"name":"validateDateRange","decl":{"start":{"line":47,"column":9},"end":{"line":47,"column":26}},"loc":{"start":{"line":47,"column":80},"end":{"line":66,"column":1}}},"2":{"name":"createProfile","decl":{"start":{"line":70,"column":22},"end":{"line":70,"column":35}},"loc":{"start":{"line":72,"column":37},"end":{"line":96,"column":1}}},"3":{"name":"createProfileFromKyc","decl":{"start":{"line":102,"column":22},"end":{"line":102,"column":42}},"loc":{"start":{"line":104,"column":39},"end":{"line":154,"column":1}}},"4":{"name":"getProfileByUserId","decl":{"start":{"line":156,"column":22},"end":{"line":156,"column":40}},"loc":{"start":{"line":156,"column":55},"end":{"line":165,"column":1}}},"5":{"name":"updateProfile","decl":{"start":{"line":167,"column":22},"end":{"line":167,"column":35}},"loc":{"start":{"line":169,"column":37},"end":{"line":193,"column":1}}},"6":{"name":"addSkillsToProfile","decl":{"start":{"line":198,"column":22},"end":{"line":198,"column":40}},"loc":{"start":{"line":200,"column":25},"end":{"line":259,"column":1}}},"7":{"name":"(anonymous_7)","decl":{"start":{"line":217,"column":6},"end":{"line":217,"column":7}},"loc":{"start":{"line":217,"column":11},"end":{"line":217,"column":76}}},"8":{"name":"(anonymous_8)","decl":{"start":{"line":222,"column":6},"end":{"line":222,"column":7}},"loc":{"start":{"line":222,"column":11},"end":{"line":222,"column":76}}},"9":{"name":"removeSkillFromProfile","decl":{"start":{"line":261,"column":22},"end":{"line":261,"column":44}},"loc":{"start":{"line":263,"column":19},"end":{"line":291,"column":1}}},"10":{"name":"(anonymous_10)","decl":{"start":{"line":276,"column":4},"end":{"line":276,"column":5}},"loc":{"start":{"line":276,"column":9},"end":{"line":276,"column":72}}},"11":{"name":"addExperience","decl":{"start":{"line":296,"column":22},"end":{"line":296,"column":35}},"loc":{"start":{"line":298,"column":27},"end":{"line":338,"column":1}}},"12":{"name":"updateExperience","decl":{"start":{"line":340,"column":22},"end":{"line":340,"column":38}},"loc":{"start":{"line":343,"column":36},"end":{"line":403,"column":1}}},"13":{"name":"(anonymous_13)","decl":{"start":{"line":353,"column":63},"end":{"line":353,"column":64}},"loc":{"start":{"line":353,"column":68},"end":{"line":353,"column":89}}},"14":{"name":"removeExperience","decl":{"start":{"line":405,"column":22},"end":{"line":405,"column":38}},"loc":{"start":{"line":407,"column":22},"end":{"line":430,"column":1}}},"15":{"name":"(anonymous_15)","decl":{"start":{"line":417,"column":62},"end":{"line":417,"column":63}},"loc":{"start":{"line":417,"column":67},"end":{"line":417,"column":88}}}},"branchMap":{"0":{"loc":{"start":{"line":48,"column":2},"end":{"line":50,"column":3}},"type":"if","locations":[{"start":{"line":48,"column":2},"end":{"line":50,"column":3}}]},"1":{"loc":{"start":{"line":52,"column":2},"end":{"line":63,"column":3}},"type":"if","locations":[{"start":{"line":52,"column":2},"end":{"line":63,"column":3}}]},"2":{"loc":{"start":{"line":52,"column":6},"end":{"line":52,"column":47}},"type":"binary-expr","locations":[{"start":{"line":52,"column":6},"end":{"line":52,"column":22}},{"start":{"line":52,"column":26},"end":{"line":52,"column":47}}]},"3":{"loc":{"start":{"line":53,"column":4},"end":{"line":55,"column":5}},"type":"if","locations":[{"start":{"line":53,"column":4},"end":{"line":55,"column":5}}]},"4":{"loc":{"start":{"line":60,"column":4},"end":{"line":62,"column":5}},"type":"if","locations":[{"start":{"line":60,"column":4},"end":{"line":62,"column":5}}]},"5":{"loc":{"start":{"line":75,"column":2},"end":{"line":80,"column":3}},"type":"if","locations":[{"start":{"line":75,"column":2},"end":{"line":80,"column":3}}]},"6":{"loc":{"start":{"line":91,"column":18},"end":{"line":91,"column":51}},"type":"binary-expr","locations":[{"start":{"line":91,"column":18},"end":{"line":91,"column":36}},{"start":{"line":91,"column":40},"end":{"line":91,"column":51}}]},"7":{"loc":{"start":{"line":104,"column":2},"end":{"line":104,"column":39}},"type":"default-arg","locations":[{"start":{"line":104,"column":37},"end":{"line":104,"column":39}}]},"8":{"loc":{"start":{"line":108,"column":2},"end":{"line":113,"column":3}},"type":"if","locations":[{"start":{"line":108,"column":2},"end":{"line":113,"column":3}}]},"9":{"loc":{"start":{"line":117,"column":2},"end":{"line":125,"column":3}},"type":"if","locations":[{"start":{"line":117,"column":2},"end":{"line":125,"column":3}}]},"10":{"loc":{"start":{"line":122,"column":17},"end":{"line":122,"column":103}},"type":"binary-expr","locations":[{"start":{"line":122,"column":17},"end":{"line":122,"column":40}},{"start":{"line":122,"column":44},"end":{"line":122,"column":103}}]},"11":{"loc":{"start":{"line":128,"column":2},"end":{"line":133,"column":3}},"type":"if","locations":[{"start":{"line":128,"column":2},"end":{"line":133,"column":3}}]},"12":{"loc":{"start":{"line":136,"column":21},"end":{"line":138,"column":59}},"type":"cond-expr","locations":[{"start":{"line":137,"column":6},"end":{"line":137,"column":90}},{"start":{"line":138,"column":6},"end":{"line":138,"column":59}}]},"13":{"loc":{"start":{"line":145,"column":9},"end":{"line":145,"column":32}},"type":"binary-expr","locations":[{"start":{"line":145,"column":9},"end":{"line":145,"column":18}},{"start":{"line":145,"column":22},"end":{"line":145,"column":32}}]},"14":{"loc":{"start":{"line":146,"column":17},"end":{"line":146,"column":38}},"type":"binary-expr","locations":[{"start":{"line":146,"column":17},"end":{"line":146,"column":33}},{"start":{"line":146,"column":37},"end":{"line":146,"column":38}}]},"15":{"loc":{"start":{"line":149,"column":18},"end":{"line":149,"column":51}},"type":"binary-expr","locations":[{"start":{"line":149,"column":18},"end":{"line":149,"column":36}},{"start":{"line":149,"column":40},"end":{"line":149,"column":51}}]},"16":{"loc":{"start":{"line":158,"column":2},"end":{"line":163,"column":3}},"type":"if","locations":[{"start":{"line":158,"column":2},"end":{"line":163,"column":3}}]},"17":{"loc":{"start":{"line":172,"column":2},"end":{"line":177,"column":3}},"type":"if","locations":[{"start":{"line":172,"column":2},"end":{"line":177,"column":3}}]},"18":{"loc":{"start":{"line":180,"column":2},"end":{"line":180,"column":55}},"type":"if","locations":[{"start":{"line":180,"column":2},"end":{"line":180,"column":55}}]},"19":{"loc":{"start":{"line":181,"column":2},"end":{"line":181,"column":77}},"type":"if","locations":[{"start":{"line":181,"column":2},"end":{"line":181,"column":77}}]},"20":{"loc":{"start":{"line":182,"column":2},"end":{"line":182,"column":82}},"type":"if","locations":[{"start":{"line":182,"column":2},"end":{"line":182,"column":82}}]},"21":{"loc":{"start":{"line":185,"column":2},"end":{"line":190,"column":3}},"type":"if","locations":[{"start":{"line":185,"column":2},"end":{"line":190,"column":3}}]},"22":{"loc":{"start":{"line":203,"column":2},"end":{"line":208,"column":3}},"type":"if","locations":[{"start":{"line":203,"column":2},"end":{"line":208,"column":3}}]},"23":{"loc":{"start":{"line":216,"column":32},"end":{"line":216,"column":60}},"type":"binary-expr","locations":[{"start":{"line":216,"column":32},"end":{"line":216,"column":54}},{"start":{"line":216,"column":58},"end":{"line":216,"column":60}}]},"24":{"loc":{"start":{"line":217,"column":11},"end":{"line":217,"column":76}},"type":"binary-expr","locations":[{"start":{"line":217,"column":11},"end":{"line":217,"column":12}},{"start":{"line":217,"column":16},"end":{"line":217,"column":22}},{"start":{"line":217,"column":26},"end":{"line":217,"column":76}}]},"25":{"loc":{"start":{"line":221,"column":27},"end":{"line":221,"column":42}},"type":"binary-expr","locations":[{"start":{"line":221,"column":27},"end":{"line":221,"column":36}},{"start":{"line":221,"column":40},"end":{"line":221,"column":42}}]},"26":{"loc":{"start":{"line":222,"column":11},"end":{"line":222,"column":76}},"type":"binary-expr","locations":[{"start":{"line":222,"column":11},"end":{"line":222,"column":12}},{"start":{"line":222,"column":16},"end":{"line":222,"column":22}},{"start":{"line":222,"column":26},"end":{"line":222,"column":76}}]},"27":{"loc":{"start":{"line":225,"column":4},"end":{"line":243,"column":5}},"type":"if","locations":[{"start":{"line":225,"column":4},"end":{"line":243,"column":5}},{"start":{"line":231,"column":11},"end":{"line":243,"column":5}}]},"28":{"loc":{"start":{"line":225,"column":8},"end":{"line":225,"column":57}},"type":"binary-expr","locations":[{"start":{"line":225,"column":8},"end":{"line":225,"column":33}},{"start":{"line":225,"column":37},"end":{"line":225,"column":57}}]},"29":{"loc":{"start":{"line":231,"column":11},"end":{"line":243,"column":5}},"type":"if","locations":[{"start":{"line":231,"column":11},"end":{"line":243,"column":5}},{"start":{"line":237,"column":11},"end":{"line":243,"column":5}}]},"30":{"loc":{"start":{"line":234,"column":6},"end":{"line":236,"column":7}},"type":"if","locations":[{"start":{"line":234,"column":6},"end":{"line":236,"column":7}}]},"31":{"loc":{"start":{"line":237,"column":11},"end":{"line":243,"column":5}},"type":"if","locations":[{"start":{"line":237,"column":11},"end":{"line":243,"column":5}}]},"32":{"loc":{"start":{"line":240,"column":6},"end":{"line":242,"column":7}},"type":"if","locations":[{"start":{"line":240,"column":6},"end":{"line":242,"column":7}}]},"33":{"loc":{"start":{"line":251,"column":2},"end":{"line":256,"column":3}},"type":"if","locations":[{"start":{"line":251,"column":2},"end":{"line":256,"column":3}}]},"34":{"loc":{"start":{"line":266,"column":2},"end":{"line":271,"column":3}},"type":"if","locations":[{"start":{"line":266,"column":2},"end":{"line":271,"column":3}}]},"35":{"loc":{"start":{"line":274,"column":24},"end":{"line":274,"column":52}},"type":"binary-expr","locations":[{"start":{"line":274,"column":24},"end":{"line":274,"column":46}},{"start":{"line":274,"column":50},"end":{"line":274,"column":52}}]},"36":{"loc":{"start":{"line":276,"column":9},"end":{"line":276,"column":72}},"type":"binary-expr","locations":[{"start":{"line":276,"column":9},"end":{"line":276,"column":10}},{"start":{"line":276,"column":14},"end":{"line":276,"column":20}},{"start":{"line":276,"column":24},"end":{"line":276,"column":72}}]},"37":{"loc":{"start":{"line":283,"column":2},"end":{"line":288,"column":3}},"type":"if","locations":[{"start":{"line":283,"column":2},"end":{"line":288,"column":3}}]},"38":{"loc":{"start":{"line":301,"column":2},"end":{"line":306,"column":3}},"type":"if","locations":[{"start":{"line":301,"column":2},"end":{"line":306,"column":3}}]},"39":{"loc":{"start":{"line":309,"column":2},"end":{"line":314,"column":3}},"type":"if","locations":[{"start":{"line":309,"column":2},"end":{"line":314,"column":3}}]},"40":{"loc":{"start":{"line":312,"column":52},"end":{"line":312,"column":98}},"type":"binary-expr","locations":[{"start":{"line":312,"column":52},"end":{"line":312,"column":74}},{"start":{"line":312,"column":78},"end":{"line":312,"column":98}}]},"41":{"loc":{"start":{"line":322,"column":14},"end":{"line":322,"column":35}},"type":"binary-expr","locations":[{"start":{"line":322,"column":14},"end":{"line":322,"column":27}},{"start":{"line":322,"column":31},"end":{"line":322,"column":35}}]},"42":{"loc":{"start":{"line":330,"column":2},"end":{"line":335,"column":3}},"type":"if","locations":[{"start":{"line":330,"column":2},"end":{"line":335,"column":3}}]},"43":{"loc":{"start":{"line":346,"column":2},"end":{"line":351,"column":3}},"type":"if","locations":[{"start":{"line":346,"column":2},"end":{"line":351,"column":3}}]},"44":{"loc":{"start":{"line":354,"column":2},"end":{"line":359,"column":3}},"type":"if","locations":[{"start":{"line":354,"column":2},"end":{"line":359,"column":3}}]},"45":{"loc":{"start":{"line":370,"column":23},"end":{"line":370,"column":70}},"type":"binary-expr","locations":[{"start":{"line":370,"column":23},"end":{"line":370,"column":38}},{"start":{"line":370,"column":42},"end":{"line":370,"column":70}}]},"46":{"loc":{"start":{"line":371,"column":21},"end":{"line":371,"column":93}},"type":"cond-expr","locations":[{"start":{"line":371,"column":51},"end":{"line":371,"column":64}},{"start":{"line":371,"column":67},"end":{"line":371,"column":93}}]},"47":{"loc":{"start":{"line":374,"column":2},"end":{"line":379,"column":3}},"type":"if","locations":[{"start":{"line":374,"column":2},"end":{"line":379,"column":3}}]},"48":{"loc":{"start":{"line":377,"column":52},"end":{"line":377,"column":98}},"type":"binary-expr","locations":[{"start":{"line":377,"column":52},"end":{"line":377,"column":74}},{"start":{"line":377,"column":78},"end":{"line":377,"column":98}}]},"49":{"loc":{"start":{"line":384,"column":11},"end":{"line":384,"column":49}},"type":"binary-expr","locations":[{"start":{"line":384,"column":11},"end":{"line":384,"column":22}},{"start":{"line":384,"column":26},"end":{"line":384,"column":49}}]},"50":{"loc":{"start":{"line":385,"column":13},"end":{"line":385,"column":55}},"type":"binary-expr","locations":[{"start":{"line":385,"column":13},"end":{"line":385,"column":26}},{"start":{"line":385,"column":30},"end":{"line":385,"column":55}}]},"51":{"loc":{"start":{"line":386,"column":17},"end":{"line":386,"column":67}},"type":"binary-expr","locations":[{"start":{"line":386,"column":17},"end":{"line":386,"column":34}},{"start":{"line":386,"column":38},"end":{"line":386,"column":67}}]},"52":{"loc":{"start":{"line":395,"column":2},"end":{"line":400,"column":3}},"type":"if","locations":[{"start":{"line":395,"column":2},"end":{"line":400,"column":3}}]},"53":{"loc":{"start":{"line":410,"column":2},"end":{"line":415,"column":3}},"type":"if","locations":[{"start":{"line":410,"column":2},"end":{"line":415,"column":3}}]},"54":{"loc":{"start":{"line":422,"column":2},"end":{"line":427,"column":3}},"type":"if","locations":[{"start":{"line":422,"column":2},"end":{"line":427,"column":3}}]}},"s":{"0":1,"1":1,"2":1,"3":1,"4":1,"5":1,"6":1,"7":1,"8":1,"9":1,"10":1,"11":1,"12":1,"13":0,"14":0,"15":0,"16":0,"17":0,"18":0,"19":0,"20":0,"21":0,"22":0,"23":0,"24":0,"25":1,"26":0,"27":0,"28":0,"29":0,"30":0,"31":1,"32":0,"33":0,"34":0,"35":0,"36":0,"37":0,"38":0,"39":0,"40":0,"41":0,"42":0,"43":0,"44":0,"45":0,"46":0,"47":0,"48":0,"49":0,"50":0,"51":0,"52":0,"53":0,"54":0,"55":0,"56":0,"57":0,"58":0,"59":0,"60":0,"61":0,"62":1,"63":0,"64":0,"65":0,"66":0,"67":0,"68":0,"69":0,"70":0,"71":0,"72":0,"73":0,"74":0,"75":0,"76":0,"77":0,"78":0,"79":0,"80":0,"81":0,"82":0,"83":0,"84":0,"85":0,"86":0,"87":1,"88":0,"89":0,"90":0,"91":0,"92":0,"93":0,"94":0,"95":0,"96":0,"97":1,"98":0,"99":0,"100":0,"101":0,"102":0,"103":0,"104":0,"105":0,"106":0,"107":0,"108":0,"109":1,"110":0,"111":0,"112":0,"113":0,"114":0,"115":0,"116":0,"117":0,"118":0,"119":0,"120":0,"121":0,"122":0,"123":0,"124":0,"125":0,"126":0,"127":0,"128":0,"129":0,"130":0,"131":0,"132":0,"133":0,"134":0,"135":0,"136":0},"f":{"0":0,"1":0,"2":1,"3":1,"4":0,"5":0,"6":1,"7":0,"8":0,"9":1,"10":0,"11":1,"12":1,"13":0,"14":0,"15":0},"b":{"0":[0],"1":[0],"2":[0,0],"3":[0],"4":[0],"5":[0],"6":[0,0],"7":[1],"8":[0],"9":[0],"10":[0,0],"11":[0],"12":[0,0],"13":[0,0],"14":[0,0],"15":[0,0],"16":[0],"17":[0],"18":[0],"19":[0],"20":[0],"21":[0],"22":[0],"23":[0,0],"24":[0,0,0],"25":[0,0],"26":[0,0,0],"27":[0,0],"28":[0,0],"29":[0,0],"30":[0],"31":[0],"32":[0],"33":[0],"34":[0],"35":[0,0],"36":[0,0,0],"37":[0],"38":[0],"39":[0],"40":[0,0],"41":[0,0],"42":[0],"43":[0],"44":[0],"45":[0,0],"46":[0,0],"47":[0],"48":[0,0],"49":[0,0],"50":[0,0],"51":[0,0],"52":[0],"53":[0],"54":[0]}}
,"D:\\FreelanceXchain\\FreelanceXchain-api\\src\\services\\matching-service.ts": {"path":"D:\\FreelanceXchain\\FreelanceXchain-api\\src\\services\\matching-service.ts","statementMap":{"0":{"start":{"line":73,"column":0},"end":{"line":73,"column":7}},"1":{"start":{"line":143,"column":0},"end":{"line":143,"column":7}},"2":{"start":{"line":227,"column":0},"end":{"line":227,"column":7}},"3":{"start":{"line":279,"column":0},"end":{"line":279,"column":7}},"4":{"start":{"line":391,"column":0},"end":{"line":391,"column":16}},"5":{"start":{"line":401,"column":0},"end":{"line":401,"column":16}},"6":{"start":{"line":410,"column":0},"end":{"line":410,"column":16}},"7":{"start":{"line":419,"column":0},"end":{"line":419,"column":16}},"8":{"start":{"line":6,"column":0},"end":{"line":6,"column":null}},"9":{"start":{"line":17,"column":0},"end":{"line":17,"column":45}},"10":{"start":{"line":26,"column":0},"end":{"line":26,"column":74}},"11":{"start":{"line":27,"column":0},"end":{"line":27,"column":95}},"12":{"start":{"line":28,"column":0},"end":{"line":28,"column":53}},"13":{"start":{"line":29,"column":0},"end":{"line":29,"column":56}},"14":{"start":{"line":35,"column":37},"end":{"line":35,"column":39}},"15":{"start":{"line":36,"column":26},"end":{"line":36,"column":29}},"16":{"start":{"line":37,"column":27},"end":{"line":37,"column":30}},"17":{"start":{"line":49,"column":2},"end":{"line":54,"column":4}},"18":{"start":{"line":61,"column":2},"end":{"line":66,"column":4}},"19":{"start":{"line":78,"column":24},"end":{"line":78,"column":90}},"20":{"start":{"line":79,"column":2},"end":{"line":84,"column":3}},"21":{"start":{"line":80,"column":4},"end":{"line":83,"column":6}},"22":{"start":{"line":87,"column":25},"end":{"line":87,"column":83}},"23":{"start":{"line":88,"column":26},"end":{"line":88,"column":46}},"24":{"start":{"line":90,"column":2},"end":{"line":92,"column":3}},"25":{"start":{"line":91,"column":4},"end":{"line":91,"column":39}},"26":{"start":{"line":95,"column":27},"end":{"line":95,"column":74}},"27":{"start":{"line":98,"column":51},"end":{"line":98,"column":53}},"28":{"start":{"line":100,"column":2},"end":{"line":130,"column":3}},"29":{"start":{"line":101,"column":32},"end":{"line":101,"column":85}},"30":{"start":{"line":105,"column":4},"end":{"line":121,"column":5}},"31":{"start":{"line":106,"column":23},"end":{"line":110,"column":8}},"32":{"start":{"line":112,"column":6},"end":{"line":117,"column":7}},"33":{"start":{"line":114,"column":8},"end":{"line":114,"column":80}},"34":{"start":{"line":116,"column":8},"end":{"line":116,"column":31}},"35":{"start":{"line":120,"column":6},"end":{"line":120,"column":78}},"36":{"start":{"line":123,"column":4},"end":{"line":129,"column":7}},"37":{"start":{"line":133,"column":2},"end":{"line":133,"column":62}},"38":{"start":{"line":133,"column":33},"end":{"line":133,"column":60}},"39":{"start":{"line":136,"column":2},"end":{"line":136,"column":66}},"40":{"start":{"line":148,"column":24},"end":{"line":148,"column":74}},"41":{"start":{"line":149,"column":2},"end":{"line":154,"column":3}},"42":{"start":{"line":150,"column":4},"end":{"line":153,"column":6}},"43":{"start":{"line":157,"column":29},"end":{"line":157,"column":85}},"44":{"start":{"line":159,"column":2},"end":{"line":161,"column":3}},"45":{"start":{"line":160,"column":4},"end":{"line":160,"column":39}},"46":{"start":{"line":164,"column":30},"end":{"line":164,"column":83}},"47":{"start":{"line":167,"column":54},"end":{"line":167,"column":56}},"48":{"start":{"line":169,"column":2},"end":{"line":215,"column":3}},"49":{"start":{"line":170,"column":29},"end":{"line":170,"column":79}},"50":{"start":{"line":173,"column":26},"end":{"line":173,"column":28}},"51":{"start":{"line":174,"column":4},"end":{"line":181,"column":5}},"52":{"start":{"line":175,"column":24},"end":{"line":175,"column":69}},"53":{"start":{"line":176,"column":6},"end":{"line":178,"column":7}},"54":{"start":{"line":177,"column":8},"end":{"line":177,"column":47}},"55":{"start":{"line":185,"column":4},"end":{"line":199,"column":5}},"56":{"start":{"line":186,"column":23},"end":{"line":190,"column":8}},"57":{"start":{"line":192,"column":6},"end":{"line":196,"column":7}},"58":{"start":{"line":193,"column":8},"end":{"line":193,"column":80}},"59":{"start":{"line":195,"column":8},"end":{"line":195,"column":31}},"60":{"start":{"line":198,"column":6},"end":{"line":198,"column":78}},"61":{"start":{"line":202,"column":26},"end":{"line":204,"column":null}},"62":{"start":{"line":207,"column":4},"end":{"line":214,"column":7}},"63":{"start":{"line":218,"column":2},"end":{"line":218,"column":68}},"64":{"start":{"line":218,"column":33},"end":{"line":218,"column":66}},"65":{"start":{"line":221,"column":2},"end":{"line":221,"column":66}},"66":{"start":{"line":230,"column":2},"end":{"line":235,"column":3}},"67":{"start":{"line":231,"column":4},"end":{"line":234,"column":6}},"68":{"start":{"line":238,"column":23},"end":{"line":238,"column":46}},"69":{"start":{"line":239,"column":39},"end":{"line":243,"column":5}},"70":{"start":{"line":239,"column":66},"end":{"line":243,"column":4}},"71":{"start":{"line":245,"column":2},"end":{"line":247,"column":3}},"72":{"start":{"line":246,"column":4},"end":{"line":246,"column":39}},"73":{"start":{"line":251,"column":2},"end":{"line":267,"column":3}},"74":{"start":{"line":252,"column":21},"end":{"line":255,"column":6}},"75":{"start":{"line":257,"column":4},"end":{"line":263,"column":5}},"76":{"start":{"line":262,"column":6},"end":{"line":262,"column":33}},"77":{"start":{"line":266,"column":4},"end":{"line":266,"column":66}},"78":{"start":{"line":270,"column":24},"end":{"line":270,"column":68}},"79":{"start":{"line":270,"column":57},"end":{"line":270,"column":66}},"80":{"start":{"line":271,"column":23},"end":{"line":271,"column":88}},"81":{"start":{"line":271,"column":55},"end":{"line":271,"column":87}},"82":{"start":{"line":273,"column":2},"end":{"line":273,"column":47}},"83":{"start":{"line":283,"column":24},"end":{"line":283,"column":90}},"84":{"start":{"line":284,"column":2},"end":{"line":289,"column":3}},"85":{"start":{"line":285,"column":4},"end":{"line":288,"column":6}},"86":{"start":{"line":291,"column":24},"end":{"line":291,"column":61}},"87":{"start":{"line":291,"column":54},"end":{"line":291,"column":60}},"88":{"start":{"line":293,"column":2},"end":{"line":304,"column":3}},"89":{"start":{"line":295,"column":4},"end":{"line":303,"column":6}},"90":{"start":{"line":307,"column":17},"end":{"line":307,"column":91}},"91":{"start":{"line":309,"column":19},"end":{"line":309,"column":48}},"92":{"start":{"line":311,"column":2},"end":{"line":311,"column":81}},"93":{"start":{"line":313,"column":2},"end":{"line":325,"column":3}},"94":{"start":{"line":315,"column":4},"end":{"line":315,"column":81}},"95":{"start":{"line":316,"column":4},"end":{"line":324,"column":6}},"96":{"start":{"line":328,"column":2},"end":{"line":385,"column":3}},"97":{"start":{"line":329,"column":27},"end":{"line":329,"column":84}},"98":{"start":{"line":330,"column":4},"end":{"line":332,"column":5}},"99":{"start":{"line":331,"column":6},"end":{"line":331,"column":57}},"100":{"start":{"line":334,"column":21},"end":{"line":334,"column":35}},"101":{"start":{"line":337,"column":34},"end":{"line":355,"column":108}},"102":{"start":{"line":340,"column":8},"end":{"line":342,"column":9}},"103":{"start":{"line":341,"column":10},"end":{"line":341,"column":22}},"104":{"start":{"line":345,"column":28},"end":{"line":345,"column":53}},"105":{"start":{"line":346,"column":28},"end":{"line":348,"column":20}},"106":{"start":{"line":350,"column":8},"end":{"line":353,"column":10}},"107":{"start":{"line":355,"column":22},"end":{"line":355,"column":35}},"108":{"start":{"line":357,"column":4},"end":{"line":361,"column":7}},"109":{"start":{"line":363,"column":4},"end":{"line":371,"column":6}},"110":{"start":{"line":373,"column":4},"end":{"line":373,"column":70}},"111":{"start":{"line":374,"column":4},"end":{"line":374,"column":157}},"112":{"start":{"line":376,"column":4},"end":{"line":384,"column":6}},"113":{"start":{"line":395,"column":2},"end":{"line":395,"column":67}},"114":{"start":{"line":404,"column":2},"end":{"line":404,"column":74}},"115":{"start":{"line":404,"column":45},"end":{"line":404,"column":72}},"116":{"start":{"line":413,"column":2},"end":{"line":413,"column":80}},"117":{"start":{"line":413,"column":45},"end":{"line":413,"column":78}},"118":{"start":{"line":422,"column":2},"end":{"line":422,"column":25}}},"fnMap":{"0":{"name":"freelancerSkillToInfo","decl":{"start":{"line":48,"column":9},"end":{"line":48,"column":30}},"loc":{"start":{"line":48,"column":60},"end":{"line":55,"column":1}}},"1":{"name":"projectSkillToInfo","decl":{"start":{"line":60,"column":9},"end":{"line":60,"column":27}},"loc":{"start":{"line":60,"column":54},"end":{"line":67,"column":1}}},"2":{"name":"getProjectRecommendations","decl":{"start":{"line":73,"column":22},"end":{"line":73,"column":47}},"loc":{"start":{"line":75,"column":46},"end":{"line":137,"column":1}}},"3":{"name":"(anonymous_3)","decl":{"start":{"line":133,"column":23},"end":{"line":133,"column":24}},"loc":{"start":{"line":133,"column":33},"end":{"line":133,"column":60}}},"4":{"name":"getFreelancerRecommendations","decl":{"start":{"line":143,"column":22},"end":{"line":143,"column":50}},"loc":{"start":{"line":145,"column":46},"end":{"line":222,"column":1}}},"5":{"name":"(anonymous_5)","decl":{"start":{"line":218,"column":23},"end":{"line":218,"column":24}},"loc":{"start":{"line":218,"column":33},"end":{"line":218,"column":66}}},"6":{"name":"extractSkillsFromText","decl":{"start":{"line":227,"column":22},"end":{"line":227,"column":43}},"loc":{"start":{"line":228,"column":14},"end":{"line":274,"column":1}}},"7":{"name":"(anonymous_7)","decl":{"start":{"line":239,"column":56},"end":{"line":239,"column":61}},"loc":{"start":{"line":239,"column":66},"end":{"line":243,"column":4}}},"8":{"name":"(anonymous_8)","decl":{"start":{"line":270,"column":52},"end":{"line":270,"column":53}},"loc":{"start":{"line":270,"column":57},"end":{"line":270,"column":66}}},"9":{"name":"(anonymous_9)","decl":{"start":{"line":271,"column":46},"end":{"line":271,"column":51}},"loc":{"start":{"line":271,"column":55},"end":{"line":271,"column":87}}},"10":{"name":"analyzeSkillGaps","decl":{"start":{"line":279,"column":22},"end":{"line":279,"column":38}},"loc":{"start":{"line":280,"column":22},"end":{"line":386,"column":1}}},"11":{"name":"(anonymous_11)","decl":{"start":{"line":291,"column":49},"end":{"line":291,"column":50}},"loc":{"start":{"line":291,"column":54},"end":{"line":291,"column":60}}},"12":{"name":"(anonymous_12)","decl":{"start":{"line":338,"column":11},"end":{"line":338,"column":15}},"loc":{"start":{"line":338,"column":18},"end":{"line":354,"column":7}}},"13":{"name":"(anonymous_13)","decl":{"start":{"line":355,"column":14},"end":{"line":355,"column":18}},"loc":{"start":{"line":355,"column":22},"end":{"line":355,"column":35}}},"14":{"name":"calculateMatchScore","decl":{"start":{"line":391,"column":16},"end":{"line":391,"column":35}},"loc":{"start":{"line":393,"column":34},"end":{"line":396,"column":1}}},"15":{"name":"sortRecommendationsByScore","decl":{"start":{"line":401,"column":16},"end":{"line":401,"column":42}},"loc":{"start":{"line":402,"column":22},"end":{"line":405,"column":1}}},"16":{"name":"(anonymous_16)","decl":{"start":{"line":404,"column":35},"end":{"line":404,"column":36}},"loc":{"start":{"line":404,"column":45},"end":{"line":404,"column":72}}},"17":{"name":"sortFreelancerRecommendationsByCombinedScore","decl":{"start":{"line":410,"column":16},"end":{"line":410,"column":60}},"loc":{"start":{"line":411,"column":45},"end":{"line":414,"column":1}}},"18":{"name":"(anonymous_18)","decl":{"start":{"line":413,"column":35},"end":{"line":413,"column":36}},"loc":{"start":{"line":413,"column":45},"end":{"line":413,"column":78}}},"19":{"name":"isMatchingError","decl":{"start":{"line":419,"column":16},"end":{"line":419,"column":31}},"loc":{"start":{"line":420,"column":26},"end":{"line":423,"column":1}}}},"branchMap":{"0":{"loc":{"start":{"line":51,"column":15},"end":{"line":51,"column":32}},"type":"binary-expr","locations":[{"start":{"line":51,"column":15},"end":{"line":51,"column":26}},{"start":{"line":51,"column":30},"end":{"line":51,"column":32}}]},"1":{"loc":{"start":{"line":63,"column":15},"end":{"line":63,"column":38}},"type":"binary-expr","locations":[{"start":{"line":63,"column":15},"end":{"line":63,"column":32}},{"start":{"line":63,"column":36},"end":{"line":63,"column":38}}]},"2":{"loc":{"start":{"line":65,"column":23},"end":{"line":65,"column":54}},"type":"binary-expr","locations":[{"start":{"line":65,"column":23},"end":{"line":65,"column":49}},{"start":{"line":65,"column":53},"end":{"line":65,"column":54}}]},"3":{"loc":{"start":{"line":75,"column":2},"end":{"line":75,"column":46}},"type":"default-arg","locations":[{"start":{"line":75,"column":18},"end":{"line":75,"column":46}}]},"4":{"loc":{"start":{"line":79,"column":2},"end":{"line":84,"column":3}},"type":"if","locations":[{"start":{"line":79,"column":2},"end":{"line":84,"column":3}}]},"5":{"loc":{"start":{"line":90,"column":2},"end":{"line":92,"column":3}},"type":"if","locations":[{"start":{"line":90,"column":2},"end":{"line":92,"column":3}}]},"6":{"loc":{"start":{"line":105,"column":4},"end":{"line":121,"column":5}},"type":"if","locations":[{"start":{"line":105,"column":4},"end":{"line":121,"column":5}},{"start":{"line":118,"column":11},"end":{"line":121,"column":5}}]},"7":{"loc":{"start":{"line":112,"column":6},"end":{"line":117,"column":7}},"type":"if","locations":[{"start":{"line":112,"column":6},"end":{"line":117,"column":7}},{"start":{"line":115,"column":13},"end":{"line":117,"column":7}}]},"8":{"loc":{"start":{"line":145,"column":2},"end":{"line":145,"column":46}},"type":"default-arg","locations":[{"start":{"line":145,"column":18},"end":{"line":145,"column":46}}]},"9":{"loc":{"start":{"line":149,"column":2},"end":{"line":154,"column":3}},"type":"if","locations":[{"start":{"line":149,"column":2},"end":{"line":154,"column":3}}]},"10":{"loc":{"start":{"line":159,"column":2},"end":{"line":161,"column":3}},"type":"if","locations":[{"start":{"line":159,"column":2},"end":{"line":161,"column":3}}]},"11":{"loc":{"start":{"line":176,"column":6},"end":{"line":178,"column":7}},"type":"if","locations":[{"start":{"line":176,"column":6},"end":{"line":178,"column":7}}]},"12":{"loc":{"start":{"line":176,"column":10},"end":{"line":176,"column":55}},"type":"binary-expr","locations":[{"start":{"line":176,"column":10},"end":{"line":176,"column":27}},{"start":{"line":176,"column":31},"end":{"line":176,"column":55}}]},"13":{"loc":{"start":{"line":185,"column":4},"end":{"line":199,"column":5}},"type":"if","locations":[{"start":{"line":185,"column":4},"end":{"line":199,"column":5}},{"start":{"line":197,"column":11},"end":{"line":199,"column":5}}]},"14":{"loc":{"start":{"line":192,"column":6},"end":{"line":196,"column":7}},"type":"if","locations":[{"start":{"line":192,"column":6},"end":{"line":196,"column":7}},{"start":{"line":194,"column":13},"end":{"line":196,"column":7}}]},"15":{"loc":{"start":{"line":230,"column":2},"end":{"line":235,"column":3}},"type":"if","locations":[{"start":{"line":230,"column":2},"end":{"line":235,"column":3}}]},"16":{"loc":{"start":{"line":230,"column":6},"end":{"line":230,"column":39}},"type":"binary-expr","locations":[{"start":{"line":230,"column":6},"end":{"line":230,"column":11}},{"start":{"line":230,"column":15},"end":{"line":230,"column":39}}]},"17":{"loc":{"start":{"line":245,"column":2},"end":{"line":247,"column":3}},"type":"if","locations":[{"start":{"line":245,"column":2},"end":{"line":247,"column":3}}]},"18":{"loc":{"start":{"line":251,"column":2},"end":{"line":267,"column":3}},"type":"if","locations":[{"start":{"line":251,"column":2},"end":{"line":267,"column":3}},{"start":{"line":264,"column":9},"end":{"line":267,"column":3}}]},"19":{"loc":{"start":{"line":257,"column":4},"end":{"line":263,"column":5}},"type":"if","locations":[{"start":{"line":257,"column":4},"end":{"line":263,"column":5}},{"start":{"line":261,"column":11},"end":{"line":263,"column":5}}]},"20":{"loc":{"start":{"line":284,"column":2},"end":{"line":289,"column":3}},"type":"if","locations":[{"start":{"line":284,"column":2},"end":{"line":289,"column":3}}]},"21":{"loc":{"start":{"line":293,"column":2},"end":{"line":304,"column":3}},"type":"if","locations":[{"start":{"line":293,"column":2},"end":{"line":304,"column":3}}]},"22":{"loc":{"start":{"line":313,"column":2},"end":{"line":325,"column":3}},"type":"if","locations":[{"start":{"line":313,"column":2},"end":{"line":325,"column":3}}]},"23":{"loc":{"start":{"line":330,"column":4},"end":{"line":332,"column":5}},"type":"if","locations":[{"start":{"line":330,"column":4},"
[...]
":{"line":95,"column":46},"end":{"line":95,"column":56}}]},"14":{"loc":{"start":{"line":96,"column":22},"end":{"line":96,"column":44}},"type":"binary-expr","locations":[{"start":{"line":96,"column":22},"end":{"line":96,"column":39}},{"start":{"line":96,"column":43},"end":{"line":96,"column":44}}]},"15":{"loc":{"start":{"line":97,"column":22},"end":{"line":97,"column":66}},"type":"binary-expr","locations":[{"start":{"line":97,"column":22},"end":{"line":97,"column":39}},{"start":{"line":97,"column":43},"end":{"line":97,"column":66}}]},"16":{"loc":{"start":{"line":99,"column":9},"end":{"line":151,"column":3}},"type":"if","locations":[{"start":{"line":99,"column":9},"end":{"line":151,"column":3}},{"start":{"line":102,"column":9},"end":{"line":151,"column":3}}]},"17":{"loc":{"start":{"line":99,"column":13},"end":{"line":99,"column":57}},"type":"binary-expr","locations":[{"start":{"line":99,"column":13},"end":{"line":99,"column":24}},{"start":{"line":99,"column":28},"end":{"line":99,"column":38}},{"start":{"line":99,"column":42},"end":{"line":99,"column":57}}]},"18":{"loc":{"start":{"line":112,"column":4},"end":{"line":114,"column":5}},"type":"if","locations":[{"start":{"line":112,"column":4},"end":{"line":114,"column":5}}]},"19":{"loc":{"start":{"line":119,"column":4},"end":{"line":126,"column":5}},"type":"if","locations":[{"start":{"line":119,"column":4},"end":{"line":126,"column":5}}]},"20":{"loc":{"start":{"line":123,"column":10},"end":{"line":124,"column":61}},"type":"binary-expr","locations":[{"start":{"line":123,"column":10},"end":{"line":123,"column":55}},{"start":{"line":124,"column":10},"end":{"line":124,"column":61}}]},"21":{"loc":{"start":{"line":129,"column":4},"end":{"line":134,"column":5}},"type":"if","locations":[{"start":{"line":129,"column":4},"end":{"line":134,"column":5}}]},"22":{"loc":{"start":{"line":137,"column":4},"end":{"line":143,"column":5}},"type":"if","locations":[{"start":{"line":137,"column":4},"end":{"line":143,"column":5}}]},"23":{"loc":{"start":{"line":138,"column":24},"end":{"line":138,"column":46}},"type":"binary-expr","locations":[{"start":{"line":138,"column":24},"end":{"line":138,"column":41}},{"start":{"line":138,"column":45},"end":{"line":138,"column":46}}]},"24":{"loc":{"start":{"line":139,"column":24},"end":{"line":139,"column":68}},"type":"binary-expr","locations":[{"start":{"line":139,"column":24},"end":{"line":139,"column":41}},{"start":{"line":139,"column":45},"end":{"line":139,"column":68}}]},"25":{"loc":{"start":{"line":141,"column":19},"end":{"line":141,"column":77}},"type":"binary-expr","locations":[{"start":{"line":141,"column":19},"end":{"line":141,"column":46}},{"start":{"line":141,"column":50},"end":{"line":141,"column":77}}]},"26":{"loc":{"start":{"line":146,"column":19},"end":{"line":146,"column":42}},"type":"binary-expr","locations":[{"start":{"line":146,"column":19},"end":{"line":146,"column":37}},{"start":{"line":146,"column":41},"end":{"line":146,"column":42}}]},"27":{"loc":{"start":{"line":175,"column":21},"end":{"line":175,"column":73}},"type":"binary-expr","locations":[{"start":{"line":175,"column":21},"end":{"line":175,"column":36}},{"start":{"line":175,"column":40},"end":{"line":175,"column":73}}]},"28":{"loc":{"start":{"line":176,"column":20},"end":{"line":176,"column":67}},"type":"binary-expr","locations":[{"start":{"line":176,"column":20},"end":{"line":176,"column":36}},{"start":{"line":176,"column":40},"end":{"line":176,"column":67}}]},"29":{"loc":{"start":{"line":178,"column":2},"end":{"line":216,"column":3}},"type":"if","locations":[{"start":{"line":178,"column":2},"end":{"line":216,"column":3}},{"start":{"line":180,"column":9},"end":{"line":216,"column":3}}]},"30":{"loc":{"start":{"line":178,"column":6},"end":{"line":178,"column":30}},"type":"binary-expr","locations":[{"start":{"line":178,"column":6},"end":{"line":178,"column":15}},{"start":{"line":178,"column":19},"end":{"line":178,"column":30}}]},"31":{"loc":{"start":{"line":180,"column":9},"end":{"line":216,"column":3}},"type":"if","locations":[{"start":{"line":180,"column":9},"end":{"line":216,"column":3}},{"start":{"line":182,"column":9},"end":{"line":216,"column":3}}]},"32":{"loc":{"start":{"line":180,"column":13},"end":{"line":180,"column":37}},"type":"binary-expr","locations":[{"start":{"line":180,"column":13},"end":{"line":180,"column":23}},{"start":{"line":180,"column":27},"end":{"line":180,"column":37}}]},"33":{"loc":{"start":{"line":182,"column":9},"end":{"line":216,"column":3}},"type":"if","locations":[{"start":{"line":182,"column":9},"end":{"line":216,"column":3}},{"start":{"line":185,"column":9},"end":{"line":216,"column":3}}]},"34":{"loc":{"start":{"line":182,"column":13},"end":{"line":182,"column":38}},"type":"binary-expr","locations":[{"start":{"line":182,"column":13},"end":{"line":182,"column":24}},{"start":{"line":182,"column":28},"end":{"line":182,"column":38}}]},"35":{"loc":{"start":{"line":189,"column":4},"end":{"line":191,"column":5}},"type":"if","locations":[{"start":{"line":189,"column":4},"end":{"line":191,"column":5}}]},"36":{"loc":{"start":{"line":196,"column":4},"end":{"line":201,"column":5}},"type":"if","locations":[{"start":{"line":196,"column":4},"end":{"line":201,"column":5}}]},"37":{"loc":{"start":{"line":204,"column":4},"end":{"line":209,"column":5}},"type":"if","locations":[{"start":{"line":204,"column":4},"end":{"line":209,"column":5}}]},"38":{"loc":{"start":{"line":211,"column":19},"end":{"line":211,"column":42}},"type":"binary-expr","locations":[{"start":{"line":211,"column":19},"end":{"line":211,"column":37}},{"start":{"line":211,"column":41},"end":{"line":211,"column":42}}]}},"s":{"0":1,"1":1,"2":1,"3":1,"4":1,"5":1,"6":1,"7":1,"8":1,"9":1,"10":0,"11":1,"12":0,"13":1,"14":1,"15":0,"16":0,"17":0,"18":0,"19":1,"20":1,"21":1,"22":1,"23":1,"24":1,"25":0,"26":1,"27":0,"28":1,"29":0,"30":0,"31":0,"32":1,"33":0,"34":1,"35":1,"36":0,"37":0,"38":0,"39":0,"40":0,"41":0,"42":0,"43":0,"44":0,"45":0,"46":0,"47":0,"48":0,"49":0,"50":0,"51":0,"52":0,"53":0,"54":0,"55":0,"56":0,"57":0,"58":0,"59":0,"60":0,"61":0,"62":0,"63":0,"64":0,"65":0,"66":0,"67":0,"68":0,"69":0,"70":0,"71":0,"72":0,"73":0,"74":0,"75":0,"76":0,"77":0,"78":0,"79":0,"80":0,"81":0,"82":0,"83":0,"84":0,"85":0,"86":0,"87":0,"88":0},"f":{"0":1,"1":1,"2":0,"3":1,"4":0,"5":0,"6":0,"7":0,"8":0,"9":0,"10":0,"11":0,"12":0},"b":{"0":[0],"1":[1,1],"2":[0],"3":[1,0],"4":[0],"5":[1,1],"6":[1,0],"7":[1,1],"8":[0,1],"9":[1,1,1],"10":[0,1],"11":[1,0,0],"12":[0,1],"13":[1,1,0],"14":[0,0],"15":[0,0],"16":[0,1],"17":[1,0,0],"18":[0],"19":[0],"20":[0,0],"21":[0],"22":[0],"23":[0,0],"24":[0,0],"25":[0,0],"26":[0,0],"27":[0,0],"28":[0,0],"29":[0,0],"30":[0,0],"31":[0,0],"32":[0,0],"33":[0,0],"34":[0,0],"35":[0],"36":[0],"37":[0],"38":[0,0]}}
,"D:\\FreelanceXchain\\FreelanceXchain-api\\src\\services\\user-custom-skill-service.ts": {"path":"D:\\FreelanceXchain\\FreelanceXchain-api\\src\\services\\user-custom-skill-service.ts","statementMap":{"0":{"start":{"line":49,"column":0},"end":{"line":49,"column":7}},"1":{"start":{"line":123,"column":0},"end":{"line":123,"column":7}},"2":{"start":{"line":128,"column":0},"end":{"line":128,"column":7}},"3":{"start":{"line":142,"column":0},"end":{"line":142,"column":7}},"4":{"start":{"line":201,"column":0},"end":{"line":201,"column":7}},"5":{"start":{"line":229,"column":0},"end":{"line":229,"column":7}},"6":{"start":{"line":271,"column":0},"end":{"line":271,"column":7}},"7":{"start":{"line":276,"column":0},"end":{"line":276,"column":7}},"8":{"start":{"line":7,"column":0},"end":{"line":7,"column":null}},"9":{"start":{"line":12,"column":0},"end":{"line":12,"column":44}},"10":{"start":{"line":13,"column":0},"end":{"line":13,"column":50}},"11":{"start":{"line":18,"column":2},"end":{"line":29,"column":4}},"12":{"start":{"line":33,"column":2},"end":{"line":44,"column":4}},"13":{"start":{"line":55,"column":23},"end":{"line":55,"column":53}},"14":{"start":{"line":56,"column":21},"end":{"line":57,"column":null}},"15":{"start":{"line":57,"column":4},"end":{"line":57,"column":57}},"16":{"start":{"line":60,"column":2},"end":{"line":69,"column":3}},"17":{"start":{"line":61,"column":4},"end":{"line":68,"column":6}},"18":{"start":{"line":72,"column":29},"end":{"line":72,"column":88}},"19":{"start":{"line":73,"column":25},"end":{"line":74,"column":null}},"20":{"start":{"line":74,"column":4},"end":{"line":74,"column":57}},"21":{"start":{"line":77,"column":2},"end":{"line":85,"column":3}},"22":{"start":{"line":78,"column":4},"end":{"line":84,"column":6}},"23":{"start":{"line":87,"column":80},"end":{"line":95,"column":4}},"24":{"start":{"line":98,"column":2},"end":{"line":100,"column":3}},"25":{"start":{"line":99,"column":5},"end":{"line":99,"column":67}},"26":{"start":{"line":102,"column":2},"end":{"line":120,"column":3}},"27":{"start":{"line":103,"column":26},"end":{"line":103,"column":92}},"28":{"start":{"line":106,"column":4},"end":{"line":108,"column":5}},"29":{"start":{"line":107,"column":6},"end":{"line":107,"column":59}},"30":{"start":{"line":110,"column":4},"end":{"line":110,"column":80}},"31":{"start":{"line":112,"column":4},"end":{"line":119,"column":6}},"32":{"start":{"line":124,"column":19},"end":{"line":124,"column":78}},"33":{"start":{"line":125,"column":2},"end":{"line":125,"column":52}},"34":{"start":{"line":132,"column":17},"end":{"line":132,"column":83}},"35":{"start":{"line":133,"column":2},"end":{"line":138,"column":3}},"36":{"start":{"line":134,"column":4},"end":{"line":137,"column":6}},"37":{"start":{"line":139,"column":2},"end":{"line":139,"column":71}},"38":{"start":{"line":147,"column":19},"end":{"line":147,"column":85}},"39":{"start":{"line":148,"column":2},"end":{"line":153,"column":3}},"40":{"start":{"line":149,"column":4},"end":{"line":152,"column":6}},"41":{"start":{"line":156,"column":2},"end":{"line":171,"column":3}},"42":{"start":{"line":157,"column":23},"end":{"line":157,"column":82}},"43":{"start":{"line":158,"column":27},"end":{"line":159,"column":null}},"44":{"start":{"line":159,"column":6},"end":{"line":159,"column":81}},"45":{"start":{"line":162,"column":4},"end":{"line":170,"column":5}},"46":{"start":{"line":163,"column":6},"end":{"line":169,"column":8}},"47":{"start":{"line":173,"column":56},"end":{"line":173,"column":58}},"48":{"start":{"line":174,"column":2},"end":{"line":174,"column":75}},"49":{"start":{"line":174,"column":34},"end":{"line":174,"column":75}},"50":{"start":{"line":175,"column":2},"end":{"line":175,"column":96}},"51":{"start":{"line":175,"column":41},"end":{"line":175,"column":96}},"52":{"start":{"line":176,"column":2},"end":{"line":176,"column":109}},"53":{"start":{"line":176,"column":47},"end":{"line":176,"column":109}},"54":{"start":{"line":177,"column":2},"end":{"line":177,"column":101}},"55":{"start":{"line":177,"column":42},"end":{"line":177,"column":101}},"56":{"start":{"line":179,"column":2},"end":{"line":198,"column":3}},"57":{"start":{"line":180,"column":26},"end":{"line":180,"column":106}},"58":{"start":{"line":181,"column":4},"end":{"line":186,"column":5}},"59":{"start":{"line":182,"column":6},"end":{"line":185,"column":8}},"60":{"start":{"line":187,"column":4},"end":{"line":187,"column":80}},"61":{"start":{"line":205,"column":19},"end":{"line":205,"column":85}},"62":{"start":{"line":206,"column":2},"end":{"line":211,"column":3}},"63":{"start":{"line":207,"column":4},"end":{"line":210,"column":6}},"64":{"start":{"line":213,"column":2},"end":{"line":226,"column":3}},"65":{"start":{"line":214,"column":4},"end":{"line":214,"column":70}},"66":{"start":{"line":215,"column":4},"end":{"line":215,"column":41}},"67":{"start":{"line":233,"column":19},"end":{"line":233,"column":90}},"68":{"start":{"line":234,"column":2},"end":{"line":234,"column":52}},"69":{"start":{"line":245,"column":29},"end":{"line":245,"column":102}},"70":{"start":{"line":247,"column":2},"end":{"line":268,"column":3}},"71":{"start":{"line":249,"column":4},"end":{"line":249,"column":89}},"72":{"start":{"line":252,"column":87},"end":{"line":260,"column":6}},"73":{"start":{"line":263,"column":4},"end":{"line":265,"column":5}},"74":{"start":{"line":264,"column":7},"end":{"line":264,"column":79}},"75":{"start":{"line":267,"column":4},"end":{"line":267,"column":76}},"76":{"start":{"line":272,"column":19},"end":{"line":272,"column":79}},"77":{"start":{"line":273,"column":2},"end":{"line":273,"column":52}},"78":{"start":{"line":280,"column":2},"end":{"line":299,"column":3}},"79":{"start":{"line":281,"column":26},"end":{"line":281,"column":97}},"80":{"start":{"line":282,"column":4},"end":{"line":287,"column":5}},"81":{"start":{"line":283,"column":6},"end":{"line":286,"column":8}},"82":{"start":{"line":288,"column":4},"end":{"line":288,"column":80}}},"fnMap":{"0":{"name":"mapUserCustomSkillFromEntity","decl":{"start":{"line":17,"column":9},"end":{"line":17,"column":37}},"loc":{"start":{"line":17,"column":67},"end":{"line":30,"column":1}}},"1":{"name":"mapSkillSuggestionFromEntity","decl":{"start":{"line":32,"column":9},"end":{"line":32,"column":37}},"loc":{"start":{"line":32,"column":67},"end":{"line":45,"column":1}}},"2":{"name":"createUserCustomSkill","decl":{"start":{"line":49,"column":22},"end":{"line":49,"column":43}},"loc":{"start":{"line":52,"column":35},"end":{"line":121,"column":1}}},"3":{"name":"(anonymous_3)","decl":{"start":{"line":56,"column":39},"end":{"line":56,"column":40}},"loc":{"start":{"line":57,"column":4},"end":{"line":57,"column":57}}},"4":{"name":"(anonymous_4)","decl":{"start":{"line":73,"column":49},"end":{"line":73,"column":50}},"loc":{"start":{"line":74,"column":4},"end":{"line":74,"column":57}}},"5":{"name":"getUserCustomSkills","decl":{"start":{"line":123,"column":22},"end":{"line":123,"column":41}},"loc":{"start":{"line":123,"column":56},"end":{"line":126,"column":1}}},"6":{"name":"getUserCustomSkillById","decl":{"start":{"line":128,"column":22},"end":{"line":128,"column":44}},"loc":{"start":{"line":130,"column":16},"end":{"line":140,"column":1}}},"7":{"name":"updateUserCustomSkill","decl":{"start":{"line":142,"column":22},"end":{"line":142,"column":43}},"loc":{"start":{"line":145,"column":37},"end":{"line":199,"column":1}}},"8":{"name":"(anonymous_8)","decl":{"start":{"line":158,"column":43},"end":{"line":158,"column":44}},"loc":{"start":{"line":159,"column":6},"end":{"line":159,"column":81}}},"9":{"name":"deleteUserCustomSkill","decl":{"start":{"line":201,"column":22},"end":{"line":201,"column":43}},"loc":{"start":{"line":203,"column":16},"end":{"line":227,"column":1}}},"10":{"name":"searchUserCustomSkills","decl":{"start":{"line":229,"column":22},"end":{"line":229,"column":44}},"loc":{"start":{"line":231,"column":17},"end":{"line":235,"column":1}}},"11":{"name":"handleSkillSuggestion","decl":{"start":{"line":239,"column":15},"end":{"line":239,"column":36}},"loc":{"start":{"line":242,"column":40},"end":{"line":269,"column":1}}},"12":{"name":"getPendingSkillSuggestions","decl":{"start":{"line":271,"column":22},"end":{"line":271,"column":48}},"loc":{"start":{"line":271,"column":48},"end":{"line":274,"column":1}}},"13":{"name":"updateSkillSuggestionStatus","decl":{"start":{"line":276,"column":22},"end":{"line":276,"column":49}},"loc":{"start":{"line":278,"column":33},"end":{"line":300,"column":1}}}},"branchMap":{"0":{"loc":{"start":{"line":60,"column":2},"end":{"line":69,"column":3}},"type":"if","locations":[{"start":{"line":60,"column":2},"end":{"line":69,"column":3}}]},"1":{"loc":{"start":{"line":77,"column":2},"end":{"line":85,"column":3}},"type":"if","locations":[{"start":{"line":77,"column":2},"end":{"line":85,"column":3}}]},"2":{"loc":{"start":{"line":94,"column":26},"end":{"line":94,"column":57}},"type":"binary-expr","locations":[{"start":{"line":94,"column":26},"end":{"line":94,"column":48}},{"start":{"line":94,"column":52},"end":{"line":94,"column":57}}]},"3":{"loc":{"start":{"line":98,"column":2},"end":{"line":100,"column":3}},"type":"if","locations":[{"start":{"line":98,"column":2},"end":{"line":100,"column":3}}]},"4":{"loc":{"start":{"line":106,"column":4},"end":{"line":108,"column":5}},"type":"if","locations":[{"start":{"line":106,"column":4},"end":{"line":108,"column":5}}]},"5":{"loc":{"start":{"line":117,"column":18},"end":{"line":117,"column":74}},"type":"cond-expr","locations":[{"start":{"line":117,"column":43},"end":{"line":117,"column":56}},{"start":{"line":117,"column":59},"end":{"line":117,"column":74}}]},"6":{"loc":{"start":{"line":133,"column":2},"end":{"line":138,"column":3}},"type":"if","locations":[{"start":{"line":133,"column":2},"end":{"line":138,"column":3}}]},"7":{"loc":{"start":{"line":148,"column":2},"end":{"line":153,"column":3}},"type":"if","locations":[{"start":{"line":148,"column":2},"end":{"line":153,"column":3}}]},"8":{"loc":{"start":{"line":156,"column":2},"end":{"line":171,"column":3}},"type":"if","locations":[{"start":{"line":156,"column":2},"end":{"line":171,"column":3}}]},"9":{"loc":{"start":{"line":156,"column":6},"end":{"line":156,"column":80}},"type":"binary-expr","locations":[{"start":{"line":156,"column":6},"end":{"line":156,"column":18}},{"start":{"line":156,"column":22},"end":{"line":156,"column":80}}]},"10":{"loc":{"start":{"line":159,"column":6},"end":{"line":159,"column":81}},"type":"binary-expr","locations":[{"start":{"line":159,"column":6},"end":{"line":159,"column":21}},{"start":{"line":159,"column":25},"end":{"line":159,"column":81}}]},"11":{"loc":{"start":{"line":162,"column":4},"end":{"line":170,"column":5}},"type":"if","locations":[{"start":{"line":162,"column":4},"end":{"line":170,"column":5}}]},"12":{"loc":{"start":{"line":174,"column":2},"end":{"line":174,"column":75}},"type":"if","locations":[{"start":{"line":174,"column":2},"end":{"line":174,"column":75}}]},"13":{"loc":{"start":{"line":175,"column":2},"end":{"line":175,"column":96}},"type":"if","locations":[{"start":{"line":175,"column":2},"end":{"line":175,"column":96}}]},"14":{"loc":{"start":{"line":176,"column":2},"end":{"line":176,"column":109}},"type":"if","locations":[{"start":{"line":176,"column":2},"end":{"line":176,"column":109}}]},"15":{"loc":{"start":{"line":177,"column":2},"end":{"line":177,"column":101}},"type":"if","locations":[{"start":{"line":177,"column":2},"end":{"line":177,"column":101}}]},"16":{"loc":{"start":{"line":181,"column":4},"end":{"line":186,"column":5}},"type":"if","locations":[{"start":{"line":181,"column":4},"end":{"line":186,"column":5}}]},"17":{"loc":{"start":{"line":206,"column":2},"end":{"line":211,"column":3}},"type":"if","locations":[{"start":{"line":206,"column":2},"end":{"line":211,"column":3}}]},"18":{"loc":{"start":{"line":247,"column":2},"end":{"line":268,"column":3}},"type":"if","locations":[{"start":{"line":247,"column":2},"end":{"line":268,"column":3}},{"start":{"line":250,"column":9},"end":{"line":268,"column":3}}]},"19":{"loc":{"start":{"line":263,"column":4},"end":{"line":265,"column":5}},"type":"if","locations":[{"start":{"line":263,"column":4},"end":{"line":265,"column":5}}]},"20":{"loc":{"start":{"line":282,"column":4},"end":{"line":287,"column":5}},"type":"if","locations":[{"start":{"line":282,"column":4},"end":{"line":287,"column":5}}]}},"s":{"0":1,"1":1,"2":1,"3":1,"4":1,"5":1,"6":1,"7":1,"8":1,"9":1,"10":1,"11":0,"12":0,"13":0,"14":0,"15":0,"16":0,"17":0,"18":0,"19":0,"20":0,"21":0,"22":0,"23":0,"24":0,"25":0,"26":0,"27":0,"28":0,"29":0,"30":0,"31":0,"32":0,"33":0,"34":0,"35":0,"36":0,"37":0,"38":1,"39":0,"40":0,"41":0,"42":0,"43":0,"44":0,"45":0,"46":0,"47":0,"48":0,"49":0,"50":0,"51":0,"52":0,"53":0,"54":0,"55":0,"56":0,"57":0,"58":0,"59":0,"60":0,"61":0,"62":0,"63":0,"64":0,"65":0,"66":0,"67":0,"68":0,"69":0,"70":0,"71":0,"72":0,"73":0,"74":0,"75":0,"76":0,"77":0,"78":0,"79":0,"80":0,"81":0,"82":0},"f":{"0":0,"1":0,"2":0,"3":0,"4":0,"5":0,"6":0,"7":1,"8":0,"9":0,"10":0,"11":0,"12":0,"13":0},"b":{"0":[0],"1":[0],"2":[0,0],"3":[0],"4":[0],"5":[0,0],"6":[0],"7":[0],"8":[0],"9":[0,0],"10":[0,0],"11":[0],"12":[0],"13":[0],"14":[0],"15":[0],"16":[0],"17":[0],"18":[0,0],"19":[0],"20":[0]}}
}
