TN:
SF:src\services\employer-profile-service.ts
FN:30,createEmployerProfile
FN:60,createEmployerProfileFromKyc
FN:112,getEmployerProfileByUserId
FN:125,updateEmployerProfile
FNF:4
FNH:1
FNDA:0,createEmployerProfile
FNDA:1,createEmployerProfileFromKyc
FNDA:0,getEmployerProfileByUserId
FNDA:0,updateEmployerProfile
DA:1,1
DA:2,1
DA:3,1
DA:4,1
DA:30,1
DA:34,0
DA:35,0
DA:36,0
DA:42,0
DA:52,0
DA:53,0
DA:60,1
DA:65,1
DA:66,0
DA:67,0
DA:74,0
DA:75,0
DA:76,0
DA:85,0
DA:86,0
DA:87,0
DA:94,0
DA:98,0
DA:108,0
DA:109,0
DA:112,1
DA:115,0
DA:116,0
DA:117,0
DA:122,0
DA:125,1
DA:129,0
DA:130,0
DA:131,0
DA:137,0
DA:138,0
DA:139,0
DA:140,0
DA:142,0
DA:143,0
DA:144,0
DA:150,0
LF:42
LH:9
BRDA:35,0,0,0
BRDA:62,1,0,0
BRDA:66,2,0,0
BRDA:75,3,0,0
BRDA:80,4,0,0
BRDA:80,4,1,0
BRDA:86,5,0,0
BRDA:94,6,0,0
BRDA:94,6,1,0
BRDA:103,7,0,0
BRDA:103,7,1,0
BRDA:103,7,2,0
BRDA:104,8,0,0
BRDA:104,8,1,0
BRDA:105,9,0,0
BRDA:105,9,1,0
BRDA:116,10,0,0
BRDA:130,11,0,0
BRDA:138,12,0,0
BRDA:139,13,0,0
BRDA:140,14,0,0
BRDA:143,15,0,0
BRF:22
BRH:0
end_of_record
TN:
SF:src\services\escrow-refund-service.ts
FN:16,createRefundRequest
FN:123,approveRefund
FN:183,(anonymous_11)
FN:192,(anonymous_12)
FN:193,(anonymous_13)
FN:273,rejectRefund
FN:364,getContractRefunds
FNF:7
FNH:1
FNDA:0,createRefundRequest
FNDA:1,approveRefund
FNDA:0,(anonymous_11)
FNDA:0,(anonymous_12)
FNDA:0,(anonymous_13)
FNDA:0,rejectRefund
FNDA:0,getContractRefunds
DA:1,1
DA:2,1
DA:10,1
DA:11,1
DA:16,1
DA:19,0
DA:21,0
DA:26,0
DA:27,0
DA:33,0
DA:36,0
DA:37,0
DA:45,0
DA:48,0
DA:49,0
DA:56,0
DA:61,0
DA:62,0
DA:69,0
DA:72,0
DA:79,0
DA:80,0
DA:83,0
DA:86,0
DA:90,0
DA:101,0
DA:102,0
DA:105,0
DA:107,0
DA:109,0
DA:110,0
DA:123,1
DA:126,1
DA:128,1
DA:136,0
DA:137,0
DA:143,0
DA:146,0
DA:150,0
DA:151,0
DA:158,0
DA:159,0
DA:166,0
DA:174,0
DA:175,0
DA:178,0
DA:181,0
DA:182,0
DA:183,0
DA:186,0
DA:191,0
DA:192,0
DA:193,0
DA:195,0
DA:196,0
DA:197,0
DA:198,0
DA:205,0
DA:228,0
DA:234,0
DA:240,0
DA:251,0
DA:252,0
DA:255,0
DA:257,0
DA:259,1
DA:260,1
DA:273,1
DA:276,0
DA:278,0
DA:286,0
DA:287,0
DA:293,0
DA:296,0
DA:300,0
DA:301,0
DA:308,0
DA:309,0
DA:316,0
DA:324,0
DA:325,0
DA:328,0
DA:331,0
DA:342,0
DA:343,0
DA:346,0
DA:348,0
DA:350,0
DA:351,0
DA:364,1
DA:368,0
DA:370,0
DA:375,0
DA:376,0
DA:382,0
DA:385,0
DA:388,0
DA:389,0
DA:396,0
DA:401,0
DA:403,0
DA:404,0
LF:102
LH:12
BRDA:26,0,0,0
BRDA:36,1,0,0
BRDA:45,2,0,0
BRDA:45,2,1,0
BRDA:48,3,0,0
BRDA:61,4,0,0
BRDA:69,5,0,0
BRDA:69,5,1,0
BRDA:76,6,0,0
BRDA:76,6,1,0
BRDA:79,7,0,0
BRDA:86,8,0,0
BRDA:86,8,1,0
BRDA:101,9,0,0
BRDA:114,10,0,0
BRDA:114,10,1,0
BRDA:136,11,0,0
BRDA:146,12,0,0
BRDA:146,12,1,0
BRDA:150,13,0,0
BRDA:158,14,0,0
BRDA:174,15,0,0
BRDA:182,16,0,0
BRDA:182,16,1,0
BRDA:251,17,0,0
BRDA:264,18,0,0
BRDA:264,18,1,1
BRDA:286,19,0,0
BRDA:296,20,0,0
BRDA:296,20,1,0
BRDA:300,21,0,0
BRDA:308,22,0,0
BRDA:324,23,0,0
BRDA:342,24,0,0
BRDA:355,25,0,0
BRDA:355,25,1,0
BRDA:375,26,0,0
BRDA:385,27,0,0
BRDA:385,27,1,0
BRDA:388,28,0,0
BRDA:408,29,0,0
BRDA:408,29,1,0
BRF:42
BRH:1
end_of_record
TN:
SF:src\services\favorite-service.ts
FN:9,addFavorite
FN:75,removeFavorite
FN:105,getUserFavorites
FN:124,(anonymous_3)
FN:124,(anonymous_4)
FN:125,(anonymous_5)
FN:125,(anonymous_6)
FN:129,(anonymous_7)
FN:136,(anonymous_8)
FN:144,(anonymous_9)
FN:175,isFavorited
FNF:11
FNH:1
FNDA:0,addFavorite
FNDA:0,removeFavorite
FNDA:1,getUserFavorites
FNDA:0,(anonymous_3)
FNDA:0,(anonymous_4)
FNDA:0,(anonymous_5)
FNDA:0,(anonymous_6)
FNDA:0,(anonymous_7)
FNDA:0,(anonymous_8)
FNDA:0,(anonymous_9)
FNDA:0,isFavorited
DA:1,1
DA:2,1
DA:9,1
DA:14,0
DA:16,0
DA:21,0
DA:22,0
DA:32,0
DA:33,0
DA:38,0
DA:39,0
DA:49,0
DA:56,0
DA:61,0
DA:62,0
DA:75,1
DA:80,0
DA:81,0
DA:86,0
DA:91,0
DA:92,0
DA:105,1
DA:109,1
DA:110,1
DA:111,1
DA:113,1
DA:114,0
DA:115,0
DA:118,1
DA:120,1
DA:121,0
DA:124,0
DA:125,0
DA:127,0
DA:130,0
DA:131,0
DA:132,0
DA:137,0
DA:138,0
DA:139,0
DA:144,0
DA:145,0
DA:146,0
DA:156,0
DA:161,1
DA:162,1
DA:175,1
DA:180,0
DA:181,0
DA:186,0
DA:191,0
DA:192,0
LF:52
LH:14
BRDA:21,0,0,0
BRDA:32,1,0,0
BRDA:32,1,1,0
BRDA:38,2,0,0
BRDA:113,3,0,0
BRDA:128,4,0,0
BRDA:128,4,1,0
BRDA:135,5,0,0
BRDA:135,5,1,0
BRDA:145,6,0,0
BRDA:145,6,1,0
BRDA:152,7,0,0
BRDA:152,7,1,0
BRF:13
BRH:0
end_of_record
TN:
SF:src\services\file-service.ts
FN:30,getUserFiles
FN:46,(anonymous_1)
FN:47,(anonymous_2)
FN:84,deleteFile
FN:135,getFileQuota
FN:146,(anonymous_5)
FNF:6
FNH:2
FNDA:2,getUserFiles
FNDA:0,(anonymous_1)
FNDA:0,(anonymous_2)
FNDA:0,deleteFile
FNDA:1,getFileQuota
FNDA:0,(anonymous_5)
DA:2,1
DA:4,1
DA:5,1
DA:25,1
DA:30,1
DA:34,2
DA:35,2
DA:36,2
DA:38,2
DA:39,3
DA:41,3
DA:43,0
DA:45,0
DA:46,0
DA:47,0
DA:57,0
DA:60,3
DA:61,3
DA:65,2
DA:70,0
DA:71,0
DA:84,1
DA:89,0
DA:91,0
DA:92,0
DA:94,0
DA:95,0
DA:104,0
DA:105,0
DA:114,0
DA:116,0
DA:121,0
DA:122,0
DA:135,1
DA:136,1
DA:137,1
DA:139,1
DA:140,0
DA:145,1
DA:146,1
DA:147,1
DA:149,1
LF:42
LH:23
BRDA:35,0,0,1
BRDA:35,0,1,1
BRDA:43,1,0,0
BRDA:51,2,0,0
BRDA:51,2,1,0
BRDA:52,3,0,0
BRDA:52,3,1,0
BRDA:53,4,0,0
BRDA:53,4,1,0
BRDA:94,5,0,0
BRDA:139,6,0,0
BRDA:145,7,0,1
BRDA:145,7,1,0
BRF:13
BRH:3
end_of_record
TN:
SF:src\services\freelancer-profile-service.ts
FN:42,isValidDateString
FN:47,validateDateRange
FN:70,createProfile
FN:102,createProfileFromKyc
FN:156,getProfileByUserId
FN:167,updateProfile
FN:198,addSkillsToProfile
FN:217,(anonymous_7)
FN:222,(anonymous_8)
FN:261,removeSkillFromProfile
FN:276,(anonymous_10)
FN:296,addExperience
FN:340,updateExperience
FN:353,(anonymous_13)
FN:405,removeExperience
FN:417,(anonymous_15)
FNF:16
FNH:6
FNDA:0,isValidDateString
FNDA:0,validateDateRange
FNDA:1,createProfile
FNDA:1,createProfileFromKyc
FNDA:0,getProfileByUserId
FNDA:0,updateProfile
FNDA:1,addSkillsToProfile
FNDA:0,(anonymous_7)
FNDA:0,(anonymous_8)
FNDA:1,removeSkillFromProfile
FNDA:0,(anonymous_10)
FNDA:1,addExperience
FNDA:1,updateExperience
FNDA:0,(anonymous_13)
FNDA:0,removeExperience
FNDA:0,(anonymous_15)
DA:1,1
DA:2,1
DA:3,1
DA:4,1
DA:43,0
DA:44,0
DA:48,0
DA:49,0
DA:52,0
DA:53,0
DA:54,0
DA:57,0
DA:58,0
DA:60,0
DA:61,0
DA:65,0
DA:70,1
DA:74,1
DA:75,0
DA:76,0
DA:82,0
DA:94,0
DA:95,0
DA:102,1
DA:107,1
DA:108,0
DA:109,0
DA:116,0
DA:117,0
DA:118,0
DA:127,0
DA:128,0
DA:129,0
DA:136,0
DA:140,0
DA:152,0
DA:153,0
DA:156,1
DA:157,0
DA:158,0
DA:159,0
DA:164,0
DA:167,1
DA:171,0
DA:172,0
DA:173,0
DA:179,0
DA:180,0
DA:181,0
DA:182,0
DA:184,0
DA:185,0
DA:186,0
DA:192,0
DA:198,1
DA:202,1
DA:203,0
DA:204,0
DA:210,0
DA:212,0
DA:213,0
DA:216,0
DA:217,0
DA:221,0
DA:222,0
DA:225,0
DA:227,0
DA:231,0
DA:233,0
DA:234,0
DA:235,0
DA:237,0
DA:239,0
DA:240,0
DA:241,0
DA:246,0
DA:247,0
DA:251,0
DA:252,0
DA:258,0
DA:261,1
DA:265,1
DA:266,0
DA:267,0
DA:274,0
DA:275,0
DA:276,0
DA:279,0
DA:283,0
DA:284,0
DA:290,0
DA:296,1
DA:300,1
DA:301,0
DA:302,0
DA:308,0
DA:309,0
DA:310,0
DA:316,0
DA:325,0
DA:326,0
DA:330,0
DA:331,0
DA:337,0
DA:340,1
DA:345,1
DA:346,0
DA:347,0
DA:353,0
DA:354,0
DA:355,0
DA:361,0
DA:370,0
DA:371,0
DA:373,0
DA:374,0
DA:375,0
DA:381,0
DA:382,0
DA:391,0
DA:395,0
DA:396,0
DA:402,0
DA:405,1
DA:409,0
DA:410,0
DA:411,0
DA:417,0
DA:418,0
DA:422,0
DA:423,0
DA:429,0
LF:132
LH:19
BRDA:48,0,0,0
BRDA:52,1,0,0
BRDA:52,2,0,0
BRDA:52,2,1,0
BRDA:53,3,0,0
BRDA:60,4,0,0
BRDA:75,5,0,0
BRDA:91,6,0,0
BRDA:91,6,1,0
BRDA:104,7,0,1
BRDA:108,8,0,0
BRDA:117,9,0,0
BRDA:122,10,0,0
BRDA:122,10,1,0
BRDA:128,11,0,0
BRDA:136,12,0,0
BRDA:136,12,1,0
BRDA:145,13,0,0
BRDA:145,13,1,0
BRDA:146,14,0,0
BRDA:146,14,1,0
BRDA:149,15,0,0
BRDA:149,15,1,0
BRDA:158,16,0,0
BRDA:172,17,0,0
BRDA:180,18,0,0
BRDA:181,19,0,0
BRDA:182,20,0,0
BRDA:185,21,0,0
BRDA:203,22,0,0
BRDA:216,23,0,0
BRDA:216,23,1,0
BRDA:217,24,0,0
BRDA:217,24,1,0
BRDA:217,24,2,0
BRDA:221,25,0,0
BRDA:221,25,1,0
BRDA:222,26,0,0
BRDA:222,26,1,0
BRDA:222,26,2,0
BRDA:225,27,0,0
BRDA:225,27,1,0
BRDA:225,28,0,0
BRDA:225,28,1,0
BRDA:231,29,0,0
BRDA:231,29,1,0
BRDA:234,30,0,0
BRDA:237,31,0,0
BRDA:240,32,0,0
BRDA:251,33,0,0
BRDA:266,34,0,0
BRDA:274,35,0,0
BRDA:274,35,1,0
BRDA:276,36,0,0
BRDA:276,36,1,0
BRDA:276,36,2,0
BRDA:283,37,0,0
BRDA:301,38,0,0
BRDA:309,39,0,0
BRDA:312,40,0,0
BRDA:312,40,1,0
BRDA:322,41,0,0
BRDA:322,41,1,0
BRDA:330,42,0,0
BRDA:346,43,0,0
BRDA:354,44,0,0
BRDA:370,45,0,0
BRDA:370,45,1,0
BRDA:371,46,0,0
BRDA:371,46,1,0
BRDA:374,47,0,0
BRDA:377,48,0,0
BRDA:377,48,1,0
BRDA:384,49,0,0
BRDA:384,49,1,0
BRDA:385,50,0,0
BRDA:385,50,1,0
BRDA:386,51,0,0
BRDA:386,51,1,0
BRDA:395,52,0,0
BRDA:410,53,0,0
BRDA:422,54,0,0
BRF:82
BRH:1
end_of_record
TN:
SF:src\services\matching-service.ts
FN:48,freelancerSkillToInfo
FN:60,projectSkillToInfo
FN:73,getProjectRecommendations
FN:133,(anonymous_3)
FN:143,getFreelancerRecommendations
FN:218,(anonymous_5)
FN:227,extractSkillsFromText
FN:239,(anonymous_7)
FN:270,(anonymous_8)
FN:271,(anonymous_9)
FN:279,analyzeSkillGaps
FN:291,(anonymous_11)
FN:338,(anonymous_12)
FN:355,(anonymous_13)
FN:391,calculateMatchScore
FN:401,sortRecommendationsByScore
FN:404,(anonymous_16)
FN:410,sortFreelancerRecommendationsByCombinedScore
FN:413,(anonymous_18)
FN:419,isMatchingError
FNF:20
FNH:1
FNDA:0,freelancerSkillToInfo
FNDA:0,projectSkillToInfo
FNDA:0,getProjectRecommendations
FNDA:0,(anonymous_3)
FNDA:0,getFreelancerRecommendations
FNDA:0,(anonymous_5)
FNDA:1,extractSkillsFromText
FNDA:0,(anonymous_7)
FNDA:0,(anonymous_8)
FNDA:0,(anonymous_9)
FNDA:0,analyzeSkillGaps
FNDA:0,(anonymous_11)
FNDA:0,(anonymous_12)
FNDA:0,(anonymous_13)
FNDA:0,calculateMatchScore
FNDA:0,sortRecommendationsByScore
FNDA:0,(anonymous_16)
FNDA:0,sortFreelancerRecommendationsByCombinedScore
FNDA:0,(anonymous_18)
FNDA:0,isMatchingError
DA:6,1
DA:17,1
DA:26,1
DA:27,1
DA:28,1
DA:29,1
DA:35,1
DA:36,1
DA:37,1
DA:49,0
DA:61,0
DA:73,1
DA:78,0
DA:79,0
DA:80,0
DA:87,0
DA:88,0
DA:90,0
DA:91,0
DA:95,0
DA:98,0
DA:100,0
DA:101,0
DA:105,0
DA:106,0
DA:112,0
DA:114,0
DA:116,0
DA:120,0
DA:123,0
DA:133,0
DA:136,0
DA:143,1
DA:148,0
DA:149,0
DA:150,0
DA:157,0
DA:159,0
DA:160,0
DA:164,0
DA:167,0
DA:169,0
DA:170,0
DA:173,0
DA:174,0
DA:175,0
DA:176,0
DA:177,0
DA:185,0
DA:186,0
DA:192,0
DA:193,0
DA:195,0
DA:198,0
DA:202,0
DA:207,0
DA:218,0
DA:221,0
DA:227,1
DA:230,1
DA:231,0
DA:238,1
DA:239,0
DA:245,0
DA:246,0
DA:251,0
DA:252,0
DA:257,0
DA:262,0
DA:266,0
DA:270,0
DA:271,0
DA:273,0
DA:279,1
DA:283,0
DA:284,0
DA:285,0
DA:291,0
DA:293,0
DA:295,0
DA:307,0
DA:309,0
DA:311,0
DA:313,0
DA:315,0
DA:316,0
DA:328,0
DA:329,0
DA:330,0
DA:331,0
DA:334,0
DA:337,0
DA:340,0
DA:341,0
DA:345,0
DA:346,0
DA:350,0
DA:355,0
DA:357,0
DA:363,0
DA:373,0
DA:374,0
DA:376,0
DA:391,1
DA:395,0
DA:401,1
DA:404,0
DA:410,1
DA:413,0
DA:419,1
DA:422,0
LF:111
LH:19
BRDA:51,0,0,0
BRDA:51,0,1,0
BRDA:63,1,0,0
BRDA:63,1,1,0
BRDA:65,2,0,0
BRDA:65,2,1,0
BRDA:75,3,0,0
BRDA:79,4,0,0
BRDA:90,5,0,0
BRDA:105,6,0,0
BRDA:105,6,1,0
BRDA:112,7,0,0
BRDA:112,7,1,0
BRDA:145,8,0,0
BRDA:149,9,0,0
BRDA:159,10,0,0
BRDA:176,11,0,0
BRDA:176,12,0,0
BRDA:176,12,1,0
BRDA:185,13,0,0
BRDA:185,13,1,0
BRDA:192,14,0,0
BRDA:192,14,1,0
BRDA:230,15,0,0
BRDA:230,16,0,1
BRDA:230,16,1,1
BRDA:245,17,0,0
BRDA:251,18,0,0
BRDA:251,18,1,0
BRDA:257,19,0,0
BRDA:257,19,1,0
BRDA:284,20,0,0
BRDA:293,21,0,0
BRDA:313,22,0,0
BRDA:330,23,0,0
BRDA:337,24,0,0
BRDA:337,24,1,0
BRDA:340,25,0,0
BRDA:340,26,0,0
BRDA:340,26,1,0
BRDA:340,26,2,0
BRDA:346,27,0,0
BRDA:346,27,1,0
BRDA:358,28,0,0
BRDA:358,28,1,0
BRDA:359,29,0,0
BRDA:359,29,1,0
BRDA:366,30,0,0
BRDA:366,30,1,0
BRDA:367,31,0,0
BRDA:367,31,1,0
BRDA:369,32,0,0
BRDA:369,32,1,0
BRDA:374,33,0,0
BRDA:374,33,1,0
BRF:55
BRH:2
end_of_record
TN:
SF:src\services\message-service.ts
FN:28,resolveReceiverUserId
FN:62,sendMessage
FN:159,getConversations
FN:228,getConversationMessages
FN:291,markConversationAsRead
FN:354,getUnreadMessageCount
FN:378,validateConversationParticipants
FNF:7
FNH:3
FNDA:1,resolveReceiverUserId
FNDA:1,sendMessage
FNDA:1,getConversations
FNDA:0,getConversationMessages
FNDA:0,markConversationAsRead
FNDA:0,getUnreadMessageCount
FNDA:0,validateConversationParticipants
DA:1,1
DA:2,1
DA:3,1
DA:5,1
DA:6,1
DA:29,1
DA:31,1
DA:36,0
DA:37,0
DA:41,0
DA:42,0
DA:47,0
DA:48,0
DA:52,0
DA:54,1
DA:55,1
DA:62,1
DA:63,1
DA:64,1
DA:67,1
DA:68,0
DA:77,1
DA:78,1
DA:79,1
DA:89,0
DA:91,0
DA:92,0
DA:96,0
DA:106,0
DA:107,0
DA:113,0
DA:114,0
DA:116,0
DA:119,0
DA:124,0
DA:125,0
DA:136,0
DA:138,0
DA:140,0
DA:145,0
DA:146,0
DA:159,1
DA:163,1
DA:164,1
DA:165,1
DA:166,1
DA:168,1
DA:171,0
DA:173,0
DA:174,0
DA:176,0
DA:177,0
DA:183,0
DA:184,0
DA:188,0
DA:191,0
DA:196,0
DA:201,0
DA:205,0
DA:214,1
DA:215,1
DA:228,1
DA:233,0
DA:235,0
DA:240,0
DA:241,0
DA:250,0
DA:252,0
DA:253,0
DA:262,0
DA:263,0
DA:264,0
DA:266,0
DA:268,0
DA:277,0
DA:278,0
DA:291,1
DA:295,0
DA:297,0
DA:302,0
DA:303,0
DA:312,0
DA:314,0
DA:315,0
DA:325,0
DA:328,0
DA:329,0
DA:333,0
DA:335,0
DA:340,0
DA:341,0
DA:354,1
DA:355,0
DA:356,0
DA:358,0
DA:363,0
DA:364,0
DA:378,1
DA:382,0
DA:383,0
DA:384,0
DA:385,0
DA:387,0
DA:388,0
DA:393,0
DA:398,0
DA:399,0
DA:401,0
DA:402,0
DA:403,0
DA:411,0
DA:415,0
DA:423,0
DA:424,0
LF:114
LH:28
BRDA:36,0,0,0
BRDA:47,1,0,0
BRDA:67,2,0,0
BRDA:67,3,0,1
BRDA:67,3,1,1
BRDA:78,4,0,1
BRDA:91,5,0,0
BRDA:102,6,0,0
BRDA:102,6,1,0
BRDA:113,7,0,0
BRDA:113,7,1,0
BRDA:114,8,0,0
BRDA:114,8,1,0
BRDA:116,9,0,0
BRDA:116,9,1,0
BRDA:161,10,0,1
BRDA:164,11,0,1
BRDA:164,11,1,1
BRDA:165,12,0,1
BRDA:165,12,1,1
BRDA:174,13,0,0
BRDA:174,13,1,0
BRDA:183,14,0,0
BRDA:231,15,0,0
BRDA:240,16,0,0
BRDA:252,17,0,0
BRDA:252,18,0,0
BRDA:252,18,1,0
BRDA:262,19,0,0
BRDA:262,19,1,0
BRDA:263,20,0,0
BRDA:263,20,1,0
BRDA:302,21,0,0
BRDA:314,22,0,0
BRDA:314,23,0,0
BRDA:314,23,1,0
BRDA:329,24,0,0
BRDA:329,24,1,0
BRDA:401,25,0,0
BRDA:401,25,1,0
BRDA:401,26,0,0
BRDA:401,26,1,0
BRF:42
BRH:8
end_of_record
TN:
SF:src\services\milestone-service.ts
FN:16,getMilestoneById
FN:46,submitMilestone
FN:148,rejectMilestone
FN:249,getContractMilestones
FNF:4
FNH:4
FNDA:3,getMilestoneById
FNDA:1,submitMilestone
FNDA:1,rejectMilestone
FNDA:1,getContractMilestones
DA:1,1
DA:2,1
DA:10,1
DA:11,1
DA:16,1
DA:17,3
DA:18,3
DA:23,0
DA:24,0
DA:30,0
DA:32,3
DA:33,3
DA:46,1
DA:49,1
DA:51,1
DA:52,1
DA:53,1
DA:56,0
DA:59,0
DA:64,0
DA:65,0
DA:71,0
DA:73,0
DA:74,0
DA:81,0
DA:82,0
DA:92,0
DA:108,0
DA:109,0
DA:112,0
DA:115,0
DA:126,0
DA:127,0
DA:130,0
DA:132,0
DA:134,0
DA:135,0
DA:148,1
DA:151,1
DA:153,1
DA:154,1
DA:155,1
DA:158,0
DA:161,0
DA:166,0
DA:167,0
DA:173,0
DA:175,0
DA:176,0
DA:183,0
DA:184,0
DA:194,0
DA:196,0
DA:207,0
DA:208,0
DA:211,0
DA:214,0
DA:227,0
DA:228,0
DA:231,0
DA:233,0
DA:235,0
DA:236,0
DA:249,1
DA:250,1
DA:251,1
DA:256,0
DA:258,1
DA:259,1
LF:69
LH:24
BRDA:23,0,0,0
BRDA:37,1,0,0
BRDA:37,1,1,3
BRDA:52,2,0,1
BRDA:64,3,0,0
BRDA:73,4,0,0
BRDA:81,5,0,0
BRDA:81,6,0,0
BRDA:81,6,1,0
BRDA:103,7,0,0
BRDA:103,7,1,0
BRDA:108,8,0,0
BRDA:126,9,0,0
BRDA:139,10,0,0
BRDA:139,10,1,0
BRDA:154,11,0,1
BRDA:166,12,0,0
BRDA:175,13,0,0
BRDA:183,14,0,0
BRDA:194,15,0,0
BRDA:194,15,1,0
BRDA:207,16,0,0
BRDA:217,17,0,0
BRDA:217,17,1,0
BRDA:218,18,0,0
BRDA:218,18,1,0
BRDA:227,19,0,0
BRDA:240,20,0,0
BRDA:240,20,1,0
BRDA:263,21,0,0
BRDA:263,21,1,1
BRF:31
BRH:4
end_of_record
TN:
SF:src\services\proposal-service.ts
FN:44,submitProposal
FN:56,(anonymous_10)
FN:147,getProposalById
FN:173,getProposalWithEmployerHistory
FN:196,(anonymous_13)
FN:199,(anonymous_14)
FN:203,(anonymous_15)
FN:223,getProposalsByProject
FN:247,getProposalsByFreelancer
FN:260,acceptProposal
FN:314,(anonymous_19)
FN:375,(anonymous_20)
FN:387,(anonymous_21)
FN:412,(anonymous_22)
FN:466,rejectProposal
FN:545,withdrawProposal
FNF:16
FNH:1
FNDA:0,submitProposal
FNDA:0,(anonymous_10)
FNDA:0,getProposalById
FNDA:0,getProposalWithEmployerHistory
FNDA:0,(anonymous_13)
FNDA:0,(anonymous_14)
FNDA:0,(anonymous_15)
FNDA:0,getProposalsByProject
FNDA:0,getProposalsByFreelancer
FNDA:1,acceptProposal
FNDA:0,(anonymous_19)
FNDA:0,(anonymous_20)
FNDA:0,(anonymous_21)
FNDA:0,(anonymous_22)
FNDA:0,rejectProposal
FNDA:0,withdrawProposal
DA:1,1
DA:2,1
DA:3,1
DA:4,1
DA:5,1
DA:6,1
DA:7,1
DA:9,1
DA:10,1
DA:11,1
DA:13,1
DA:14,1
DA:44,1
DA:49,0
DA:50,0
DA:51,0
DA:56,0
DA:62,0
DA:63,0
DA:64,0
DA:69,0
DA:72,0
DA:73,0
DA:80,0
DA:81,0
DA:82,0
DA:89,0
DA:90,0
DA:91,0
DA:92,0
DA:98,0
DA:109,0
DA:110,0
DA:113,0
DA:114,0
DA:129,0
DA:133,0
DA:147,1
DA:148,0
DA:149,0
DA:150,0
DA:155,0
DA:173,1
DA:174,0
DA:175,0
DA:176,0
DA:182,0
DA:185,0
DA:186,0
DA:187,0
DA:192,0
DA:195,0
DA:196,0
DA:199,0
DA:200,0
DA:203,0
DA:204,0
DA:206,0
DA:223,1
DA:227,0
DA:228,0
DA:229,0
DA:235,0
DA:236,0
DA:247,1
DA:250,0
DA:251,0
DA:260,1
DA:264,1
DA:265,0
DA:266,0
DA:273,0
DA:274,0
DA:281,0
DA:282,0
DA:283,0
DA:288,0
DA:290,0
DA:291,0
DA:298,0
DA:299,0
DA:305,0
DA:306,0
DA:307,0
DA:314,0
DA:315,0
DA:316,0
DA:326,0
DA:327,0
DA:328,0
DA:329,0
DA:332,0
DA:337,0
DA:338,0
DA:339,0
DA:349,0
DA:350,0
DA:353,0
DA:354,0
DA:356,0
DA:357,0
DA:360,0
DA:361,0
DA:362,0
DA:364,0
DA:366,0
DA:375,0
DA:384,0
DA:387,0
DA:388,0
DA:395,0
DA:397,0
DA:404,0
DA:410,0
DA:412,0
DA:414,0
DA:415,0
DA:421,0
DA:427,0
DA:435,0
DA:436,0
DA:451,0
DA:455,0
DA:466,1
DA:470,0
DA:471,0
DA:472,0
DA:479,0
DA:480,0
DA:487,0
DA:488,0
DA:489,0
DA:494,0
DA:496,0
DA:497,0
DA:504,0
DA:508,0
DA:509,0
DA:514,0
DA:517,0
DA:518,0
DA:532,0
DA:536,0
DA:545,1
DA:549,0
DA:550,0
DA:551,0
DA:558,0
DA:559,0
DA:566,0
DA:567,0
DA:573,0
DA:577,0
DA:578,0
DA:584,0
LF:155
LH:21
BRDA:50,0,0,0
BRDA:63,1,0,0
BRDA:72,2,0,0
BRDA:81,3,0,0
BRDA:90,4,0,0
BRDA:90,4,1,0
BRDA:91,5,0,0
BRDA:149,6,0,0
BRDA:175,7,0,0
BRDA:186,8,0,0
BRDA:228,9,0,0
BRDA:265,10,0,0
BRDA:273,11,0,0
BRDA:282,12,0,0
BRDA:290,13,0,0
BRDA:298,14,0,0
BRDA:298,15,0,0
BRDA:298,15,1,0
BRDA:306,16,0,0
BRDA:306,17,0,0
BRDA:306,17,1,0
BRDA:306,17,2,0
BRDA:315,18,0,0
BRDA:326,19,0,0
BRDA:326,19,1,0
BRDA:327,20,0,0
BRDA:327,20,1,0
BRDA:328,21,0,0
BRDA:328,21,1,0
BRDA:337,22,0,0
BRDA:350,23,0,0
BRDA:350,23,1,0
BRDA:364,24,0,0
BRDA:364,25,0,0
BRDA:364,25,1,0
BRDA:374,26,0,0
BRDA:374,26,1,0
BRDA:376,27,0,0
BRDA:376,27,1,0
BRDA:377,28,0,0
BRDA:377,28,1,0
BRDA:395,29,0,0
BRDA:410,30,0,0
BRDA:412,31,0,0
BRDA:412,31,1,0
BRDA:414,32,0,0
BRDA:471,33,0,0
BRDA:479,34,0,0
BRDA:488,35,0,0
BRDA:496,36,0,0
BRDA:508,37,0,0
BRDA:550,38,0,0
BRDA:558,39,0,0
BRDA:566,40,0,0
BRDA:577,41,0,0
BRF:55
BRH:0
end_of_record
TN:
SF:src\services\reputation-aggregation-service.ts
FN:35,getAggregatedScore
FN:68,(anonymous_1)
FN:69,(anonymous_2)
FN:70,(anonymous_3)
FN:71,(anonymous_4)
FN:73,(anonymous_5)
FN:95,(anonymous_6)
FN:134,getReputationBreakdown
FN:165,(anonymous_8)
FN:166,(anonymous_9)
FN:167,(anonymous_10)
FN:168,(anonymous_11)
FN:169,(anonymous_12)
FN:170,(anonymous_13)
FN:195,getReputationHistory
FN:217,(anonymous_15)
FN:228,(anonymous_16)
FN:250,getReputationLeaderboard
FN:271,(anonymous_18)
FN:285,(anonymous_19)
FN:291,(anonymous_20)
FN:292,(anonymous_21)
FNF:22
FNH:4
FNDA:1,getAggregatedScore
FNDA:0,(anonymous_1)
FNDA:0,(anonymous_2)
FNDA:0,(anonymous_3)
FNDA:0,(anonymous_4)
FNDA:0,(anonymous_5)
FNDA:0,(anonymous_6)
FNDA:1,getReputationBreakdown
FNDA:0,(anonymous_8)
FNDA:0,(anonymous_9)
FNDA:0,(anonymous_10)
FNDA:0,(anonymous_11)
FNDA:0,(anonymous_12)
FNDA:0,(anonymous_13)
FNDA:1,getReputationHistory
FNDA:0,(anonymous_15)
FNDA:0,(anonymous_16)
FNDA:1,getReputationLeaderboard
FNDA:0,(anonymous_18)
FNDA:0,(anonymous_19)
FNDA:0,(anonymous_20)
FNDA:0,(anonymous_21)
DA:1,1
DA:2,1
DA:35,1
DA:36,1
DA:38,1
DA:47,0
DA:49,0
DA:50,0
DA:67,0
DA:68,0
DA:69,0
DA:70,0
DA:71,0
DA:73,0
DA:74,0
DA:77,0
DA:81,0
DA:84,0
DA:91,0
DA:93,0
DA:94,0
DA:95,0
DA:96,0
DA:97,0
DA:101,0
DA:105,0
DA:120,1
DA:121,1
DA:134,1
DA:135,1
DA:137,1
DA:147,0
DA:149,0
DA:150,0
DA:164,0
DA:165,0
DA:166,0
DA:167,0
DA:168,0
DA:169,0
DA:170,0
DA:179,0
DA:181,1
DA:182,1
DA:195,1
DA:199,1
DA:200,1
DA:201,1
DA:203,1
DA:208,0
DA:210,0
DA:211,0
DA:215,0
DA:217,0
DA:218,0
DA:219,0
DA:221,0
DA:222,0
DA:223,0
DA:224,0
DA:228,0
DA:234,0
DA:236,1
DA:237,1
DA:250,1
DA:253,1
DA:255,1
DA:262,0
DA:264,0
DA:265,0
DA:269,0
DA:271,0
DA:272,0
DA:273,0
DA:278,0
DA:279,0
DA:280,0
DA:284,0
DA:285,0
DA:291,0
DA:294,0
DA:295,0
DA:297,0
DA:301,0
DA:303,1
DA:304,1
LF:86
LH:24
BRDA:49,0,0,0
BRDA:69,1,0,0
BRDA:69,1,1,0
BRDA:70,2,0,0
BRDA:70,2,1,0
BRDA:71,3,0,0
BRDA:71,3,1,0
BRDA:94,4,0,0
BRDA:96,5,0,0
BRDA:96,6,0,0
BRDA:96,6,1,0
BRDA:101,7,0,0
BRDA:101,7,1,0
BRDA:115,8,0,0
BRDA:115,8,1,0
BRDA:125,9,0,0
BRDA:125,9,1,1
BRDA:149,10,0,0
BRDA:173,11,0,0
BRDA:173,11,1,0
BRDA:174,12,0,0
BRDA:174,12,1,0
BRDA:186,13,0,0
BRDA:186,13,1,1
BRDA:197,14,0,1
BRDA:210,15,0,0
BRDA:221,16,0,0
BRDA:221,16,1,0
BRDA:241,17,0,0
BRDA:241,17,1,1
BRDA:251,18,0,0
BRDA:264,19,0,0
BRDA:272,20,0,0
BRDA:272,20,1,0
BRDA:273,21,0,0
BRDA:273,21,1,0
BRDA:294,22,0,0
BRDA:308,23,0,0
BRDA:308,23,1,1
BRF:39
BRH:5
end_of_record
TN:
SF:src\services\reputation-contract.ts
FN:57,rowToRating
FN:74,serializeBlockchainRating
FN:82,deserializeBlockchainRating
FN:90,submitRatingToBlockchain
FN:168,getRatingsFromBlockchain
FN:184,getRatingsGivenByUser
FN:200,getRatingById
FN:213,getRatingsByContract
FN:233,computeAggregateScore
FN:269,getAggregateScoreFromBlockchain
FN:280,hasUserRatedForContract
FN:296,clearBlockchainRatings
FN:304,getReputationContractAddress
FNF:13
FNH:1
FNDA:0,rowToRating
FNDA:0,serializeBlockchainRating
FNDA:0,deserializeBlockchainRating
FNDA:0,submitRatingToBlockchain
FNDA:0,getRatingsFromBlockchain
FNDA:0,getRatingsGivenByUser
FNDA:0,getRatingById
FNDA:0,getRatingsByContract
FNDA:1,computeAggregateScore
FNDA:0,getAggregateScoreFromBlockchain
FNDA:0,hasUserRatedForContract
FNDA:0,clearBlockchainRatings
FNDA:0,getReputationContractAddress
DA:8,1
DA:14,1
DA:15,1
DA:43,1
DA:58,0
DA:74,1
DA:75,0
DA:82,1
DA:83,0
DA:90,1
DA:94,0
DA:95,0
DA:98,0
DA:99,0
DA:102,0
DA:119,0
DA:120,0
DA:121,0
DA:125,0
DA:137,0
DA:153,0
DA:161,0
DA:168,1
DA:169,0
DA:170,0
DA:175,0
DA:177,0
DA:184,1
DA:185,0
DA:186,0
DA:191,0
DA:193,0
DA:200,1
DA:201,0
DA:206,0
DA:207,0
DA:213,1
DA:214,0
DA:215,0
DA:220,0
DA:222,0
DA:233,1
DA:237,1
DA:238,0
DA:241,1
DA:242,1
DA:243,1
DA:245,1
DA:247,1
DA:248,1
DA:251,1
DA:253,1
DA:254,1
DA:257,1
DA:263,0
DA:269,1
DA:273,0
DA:274,0
DA:280,1
DA:285,0
DA:290,0
DA:296,1
DA:297,0
DA:298,0
DA:304,1
DA:305,0
LF:66
LH:27
BRDA:64,0,0,0
BRDA:64,0,1,0
BRDA:94,1,0,0
BRDA:94,2,0,0
BRDA:94,2,1,0
BRDA:94,2,2,0
BRDA:120,3,0,0
BRDA:147,4,0,0
BRDA:147,4,1,0
BRDA:206,5,0,0
BRDA:235,6,0,0
BRDA:237,7,0,0
BRDA:257,8,0,1
BRDA:271,9,0,0
BRDA:297,10,0,0
BRF:15
BRH:1
end_of_record
TN:
SF:src\services\rush-upgrade-service.ts
FN:31,requestRushUpgrade
FN:123,respondToRushUpgrade
FN:302,acceptCounterOffer
FN:396,declineCounterOffer
FN:459,getRushUpgradeRequestsByContract
FN:467,getRushUpgradeRequestById
FNF:6
FNH:2
FNDA:1,requestRushUpgrade
FNDA:1,respondToRushUpgrade
FNDA:0,acceptCounterOffer
FNDA:0,declineCounterOffer
FNDA:0,getRushUpgradeRequestsByContract
FNDA:0,getRushUpgradeRequestById
DA:1,1
DA:2,1
DA:3,1
DA:4,1
DA:5,1
DA:6,1
DA:7,1
DA:8,1
DA:9,1
DA:10,1
DA:31,1
DA:36,1
DA:37,0
DA:44,1
DA:45,0
DA:46,0
DA:52,0
DA:53,0
DA:59,0
DA:60,0
DA:67,0
DA:68,0
DA:75,0
DA:76,0
DA:77,0
DA:83,0
DA:94,0
DA:95,0
DA:98,0
DA:99,0
DA:100,0
DA:101,0
DA:116,0
DA:119,0
DA:123,1
DA:127,1
DA:128,0
DA:129,0
DA:136,0
DA:137,0
DA:138,0
DA:145,0
DA:146,0
DA:152,0
DA:154,0
DA:156,0
DA:162,0
DA:163,0
DA:170,0
DA:171,0
DA:176,0
DA:177,0
DA:178,0
DA:185,0
DA:186,0
DA:187,0
DA:190,0
DA:191,0
DA:192,0
DA:207,0
DA:210,0
DA:216,0
DA:217,0
DA:223,0
DA:224,0
DA:231,0
DA:232,0
DA:245,0
DA:248,0
DA:251,0
DA:252,0
DA:253,0
DA:259,0
DA:266,0
DA:267,0
DA:274,0
DA:275,0
DA:289,0
DA:292,0
DA:295,0
DA:302,1
DA:306,0
DA:307,0
DA:308,0
DA:315,0
DA:316,0
DA:317,0
DA:323,0
DA:324,0
DA:330,0
DA:331,0
DA:337,0
DA:338,0
DA:343,0
DA:344,0
DA:351,0
DA:356,0
DA:357,0
DA:358,0
DA:365,0
DA:366,0
DA:367,0
DA:370,0
DA:371,0
DA:386,0
DA:389,0
DA:396,1
DA:400,0
DA:401,0
DA:402,0
DA:409,0
DA:410,0
DA:411,0
DA:417,0
DA:418,0
DA:424,0
DA:425,0
DA:430,0
DA:431,0
DA:438,0
DA:439,0
DA:452,0
DA:455,0
DA:459,1
DA:462,0
DA:463,0
DA:467,1
DA:470,0
DA:471,0
DA:472,0
DA:477,0
LF:131
LH:19
BRDA:36,0,0,0
BRDA:36,1,0,1
BRDA:36,1,1,1
BRDA:45,2,0,0
BRDA:52,3,0,0
BRDA:59,4,0,0
BRDA:67,5,0,0
BRDA:76,6,0,0
BRDA:106,7,0,0
BRDA:106,7,1,0
BRDA:128,8,0,0
BRDA:137,9,0,0
BRDA:137,10,0,0
BRDA:137,10,1,0
BRDA:145,11,0,0
BRDA:145,12,0,0
BRDA:145,12,1,0
BRDA:154,13,0,0
BRDA:162,14,0,0
BRDA:170,15,0,0
BRDA:170,15,1,0
BRDA:176,16,0,0
BRDA:197,17,0,0
BRDA:197,17,1,0
BRDA:216,18,0,0
BRDA:223,19,0,0
BRDA:251,20,0,0
BRDA:252,21,0,0
BRDA:252,22,0,0
BRDA:252,22,1,0
BRDA:252,22,2,0
BRDA:266,23,0,0
BRDA:307,24,0,0
BRDA:316,25,0,0
BRDA:316,26,0,0
BRDA:316,26,1,0
BRDA:323,27,0,0
BRDA:330,28,0,0
BRDA:343,29,0,0
BRDA:356,30,0,0
BRDA:401,31,0,0
BRDA:410,32,0,0
BRDA:410,33,0,0
BRDA:410,33,1,0
BRDA:417,34,0,0
BRDA:430,35,0,0
BRDA:471,36,0,0
BRF:47
BRH:2
end_of_record
TN:
SF:src\services\scheduler-service.ts
FN:9,autoCloseExpiredProjects
FN:17,(anonymous_2)
FN:35,sendWeeklyDigests
FN:89,(anonymous_4)
FN:109,executeSavedSearches
FN:131,(anonymous_6)
FN:160,cleanupOldNotifications
FN:181,initializeScheduler
FN:185,(anonymous_9)
FN:191,(anonymous_10)
FN:197,(anonymous_11)
FN:203,(anonymous_12)
FN:214,stopScheduler
FN:215,(anonymous_14)
FNF:14
FNH:1
FNDA:0,autoCloseExpiredProjects
FNDA:0,(anonymous_2)
FNDA:0,sendWeeklyDigests
FNDA:0,(anonymous_4)
FNDA:0,executeSavedSearches
FNDA:0,(anonymous_6)
FNDA:0,cleanupOldNotifications
FNDA:1,initializeScheduler
FNDA:0,(anonymous_9)
FNDA:0,(anonymous_10)
FNDA:0,(anonymous_11)
FNDA:0,(anonymous_12)
FNDA:0,stopScheduler
FNDA:0,(anonymous_14)
DA:1,1
DA:2,1
DA:3,1
DA:4,1
DA:10,0
DA:11,0
DA:16,0
DA:17,0
DA:18,0
DA:25,0
DA:28,0
DA:36,0
DA:38,0
DA:45,0
DA:46,0
DA:47,0
DA:50,0
DA:51,0
DA:53,0
DA:54,0
DA:57,0
DA:63,0
DA:69,0
DA:77,0
DA:84,0
DA:89,0
DA:96,0
DA:98,0
DA:102,0
DA:110,0
DA:112,0
DA:116,0
DA:117,0
DA:120,0
DA:121,0
DA:123,0
DA:124,0
DA:127,0
DA:128,0
DA:129,0
DA:131,0
DA:132,0
DA:133,0
DA:134,0
DA:138,0
DA:139,0
DA:144,0
DA:146,0
DA:149,0
DA:153,0
DA:161,0
DA:163,0
DA:164,0
DA:166,0
DA:172,0
DA:174,0
DA:181,1
DA:182,1
DA:185,1
DA:186,0
DA:187,0
DA:191,1
DA:192,0
DA:193,0
DA:197,1
DA:198,0
DA:199,0
DA:203,1
DA:204,0
DA:205,0
DA:208,1
DA:214,1
DA:215,0
DA:216,0
LF:74
LH:12
BRDA:16,0,0,0
BRDA:45,1,0,0
BRDA:85,2,0,0
BRDA:85,2,1,0
BRDA:86,3,0,0
BRDA:86,3,1,0
BRDA:87,4,0,0
BRDA:87,4,1,0
BRDA:88,5,0,0
BRDA:88,5,1,0
BRDA:92,6,0,0
BRDA:92,6,1,0
BRDA:116,7,0,0
BRDA:123,8,0,0
BRDA:123,8,1,0
BRDA:132,9,0,0
BRDA:132,10,0,0
BRDA:132,10,1,0
BRDA:138,11,0,0
BRDA:138,11,1,0
BRDA:144,12,0,0
BRF:21
BRH:0
end_of_record
TN:
SF:src\services\search-service.ts
FN:45,normalizePageSize
FN:51,buildQueryOptions
FN:56,buildSearchResult
FN:75,searchProjects
FN:122,(anonymous_4)
FN:131,(anonymous_5)
FN:132,(anonymous_6)
FN:141,(anonymous_7)
FN:166,searchFreelancers
FN:198,(anonymous_9)
FN:205,(anonymous_10)
FN:206,(anonymous_11)
FN:207,(anonymous_12)
FNF:13
FNH:3
FNDA:1,normalizePageSize
FNDA:1,buildQueryOptions
FNDA:0,buildSearchResult
FNDA:1,searchProjects
FNDA:0,(anonymous_4)
FNDA:0,(anonymous_5)
FNDA:0,(anonymous_6)
FNDA:0,(anonymous_7)
FNDA:0,searchFreelancers
FNDA:0,(anonymous_9)
FNDA:0,(anonymous_10)
FNDA:0,(anonymous_11)
FNDA:0,(anonymous_12)
DA:1,1
DA:2,1
DA:3,1
DA:6,1
DA:11,1
DA:42,1
DA:43,1
DA:46,1
DA:47,1
DA:48,1
DA:52,1
DA:62,0
DA:66,0
DA:67,0
DA:69,0
DA:75,1
DA:79,1
DA:80,1
DA:85,1
DA:86,1
DA:87,1
DA:91,1
DA:92,0
DA:93,1
DA:94,0
DA:95,1
DA:96,0
DA:97,0
DA:98,0
DA:99,1
DA:101,0
DA:109,1
DA:110,1
DA:112,0
DA:113,0
DA:116,0
DA:119,0
DA:120,0
DA:121,0
DA:123,0
DA:129,0
DA:130,0
DA:131,0
DA:132,0
DA:137,0
DA:138,0
DA:139,0
DA:140,0
DA:141,0
DA:146,0
DA:147,0
DA:148,0
DA:150,0
DA:154,0
DA:156,0
DA:166,1
DA:170,0
DA:171,0
DA:175,0
DA:176,0
DA:178,0
DA:179,0
DA:180,0
DA:181,0
DA:182,0
DA:184,0
DA:187,0
DA:189,0
DA:190,0
DA:193,0
DA:196,0
DA:197,0
DA:198,0
DA:199,0
DA:204,0
DA:205,0
DA:206,0
DA:207,0
DA:211,0
DA:212,0
DA:213,0
DA:215,0
DA:219,0
DA:221,0
LF:84
LH:24
BRDA:46,0,0,0
BRDA:46,1,0,1
BRDA:46,1,1,1
BRDA:47,2,0,0
BRDA:52,3,0,1
BRDA:52,3,1,0
BRDA:66,4,0,0
BRDA:85,5,0,1
BRDA:85,5,1,1
BRDA:86,6,0,1
BRDA:86,6,1,0
BRDA:87,7,0,1
BRDA:87,7,1,1
BRDA:91,8,0,0
BRDA:91,8,1,1
BRDA:91,9,0,1
BRDA:91,9,1,1
BRDA:91,9,2,1
BRDA:93,10,0,0
BRDA:93,10,1,1
BRDA:93,11,0,1
BRDA:93,11,1,0
BRDA:93,11,2,0
BRDA:95,12,0,0
BRDA:95,12,1,1
BRDA:95,13,0,1
BRDA:95,13,1,1
BRDA:95,13,2,0
BRDA:96,14,0,0
BRDA:96,14,1,0
BRDA:97,15,0,0
BRDA:97,15,1,0
BRDA:99,16,0,0
BRDA:99,16,1,1
BRDA:99,17,0,1
BRDA:99,17,1,0
BRDA:99,17,2,0
BRDA:112,18,0,0
BRDA:119,19,0,0
BRDA:123,20,0,0
BRDA:123,20,1,0
BRDA:129,21,0,0
BRDA:137,22,0,0
BRDA:138,23,0,0
BRDA:138,23,1,0
BRDA:139,24,0,0
BRDA:139,24,1,0
BRDA:141,25,0,0
BRDA:141,25,1,0
BRDA:146,26,0,0
BRDA:146,26,1,0
BRDA:175,27,0,0
BRDA:175,27,1,0
BRDA:176,28,0,0
BRDA:176,28,1,0
BRDA:178,29,0,0
BRDA:178,29,1,0
BRDA:178,30,0,0
BRDA:178,30,1,0
BRDA:180,31,0,0
BRDA:180,31,1,0
BRDA:180,32,0,0
BRDA:180,32,1,0
BRDA:182,33,0,0
BRDA:182,33,1,0
BRDA:182,34,0,0
BRDA:182,34,1,0
BRDA:189,35,0,0
BRDA:196,36,0,0
BRDA:204,37,0,0
BRDA:211,38,0,0
BRDA:211,38,1,0
BRF:72
BRH:19
end_of_record
TN:
SF:src\services\user-custom-skill-service.ts
FN:17,mapUserCustomSkillFromEntity
FN:32,mapSkillSuggestionFromEntity
FN:49,createUserCustomSkill
FN:56,(anonymous_3)
FN:73,(anonymous_4)
FN:123,getUserCustomSkills
FN:128,getUserCustomSkillById
FN:142,updateUserCustomSkill
FN:158,(anonymous_8)
FN:201,deleteUserCustomSkill
FN:229,searchUserCustomSkills
FN:239,handleSkillSuggestion
FN:271,getPendingSkillSuggestions
FN:276,updateSkillSuggestionStatus
FNF:14
FNH:1
FNDA:0,mapUserCustomSkillFromEntity
FNDA:0,mapSkillSuggestionFromEntity
FNDA:0,createUserCustomSkill
FNDA:0,(anonymous_3)
FNDA:0,(anonymous_4)
FNDA:0,getUserCustomSkills
FNDA:0,getUserCustomSkillById
FNDA:1,updateUserCustomSkill
FNDA:0,(anonymous_8)
FNDA:0,deleteUserCustomSkill
FNDA:0,searchUserCustomSkills
FNDA:0,handleSkillSuggestion
FNDA:0,getPendingSkillSuggestions
FNDA:0,updateSkillSuggestionStatus
DA:7,1
DA:12,1
DA:13,1
DA:18,0
DA:33,0
DA:49,1
DA:55,0
DA:56,0
DA:57,0
DA:60,0
DA:61,0
DA:72,0
DA:73,0
DA:74,0
DA:77,0
DA:78,0
DA:87,0
DA:98,0
DA:99,0
DA:102,0
DA:103,0
DA:106,0
DA:107,0
DA:110,0
DA:112,0
DA:123,1
DA:124,0
DA:125,0
DA:128,1
DA:132,0
DA:133,0
DA:134,0
DA:139,0
DA:142,1
DA:147,1
DA:148,0
DA:149,0
DA:156,0
DA:157,0
DA:158,0
DA:159,0
DA:162,0
DA:163,0
DA:173,0
DA:174,0
DA:175,0
DA:176,0
DA:177,0
DA:179,0
DA:180,0
DA:181,0
DA:182,0
DA:187,0
DA:201,1
DA:205,0
DA:206,0
DA:207,0
DA:213,0
DA:214,0
DA:215,0
DA:229,1
DA:233,0
DA:234,0
DA:245,0
DA:247,0
DA:249,0
DA:252,0
DA:263,0
DA:264,0
DA:267,0
DA:271,1
DA:272,0
DA:273,0
DA:276,1
DA:280,0
DA:281,0
DA:282,0
DA:283,0
DA:288,0
LF:79
LH:12
BRDA:60,0,0,0
BRDA:77,1,0,0
BRDA:94,2,0,0
BRDA:94,2,1,0
BRDA:98,3,0,0
BRDA:106,4,0,0
BRDA:117,5,0,0
BRDA:117,5,1,0
BRDA:133,6,0,0
BRDA:148,7,0,0
BRDA:156,8,0,0
BRDA:156,9,0,0
BRDA:156,9,1,0
BRDA:159,10,0,0
BRDA:159,10,1,0
BRDA:162,11,0,0
BRDA:174,12,0,0
BRDA:175,13,0,0
BRDA:176,14,0,0
BRDA:177,15,0,0
BRDA:181,16,0,0
BRDA:206,17,0,0
BRDA:247,18,0,0
BRDA:247,18,1,0
BRDA:263,19,0,0
BRDA:282,20,0,0
BRF:26
BRH:0
end_of_record
